{"meta": {"format": 3, "version": "7.10.7", "timestamp": "2026-03-09T01:09:36.998933", "branch_coverage": false, "show_contexts": false}, "files": {"src/vetch/__init__.py": {"executed_lines": [1, 25, 27, 28, 29, 30, 35, 36, 37, 38, 40, 44, 49, 50, 82, 83, 86, 93, 95, 98, 105, 107, 110, 127, 145, 163, 172, 173, 174, 177, 217, 218, 221, 222, 223, 227, 228, 229, 230, 232, 235, 236, 238, 240, 242, 243, 245, 248, 249, 251, 253, 255, 256, 258, 261, 262, 264, 274, 275, 277, 279, 281, 282, 284, 287, 288, 290, 299, 300, 303, 329, 330, 332, 335, 336, 338, 349, 350, 352, 363, 364, 366, 377, 378, 380, 391, 392, 394, 404, 405, 408, 419, 421, 422, 423, 426, 464, 467, 468, 473, 479, 510, 513, 524, 525, 526, 528, 529, 530, 532, 533, 534, 536, 537, 538, 540, 541, 542, 544, 545, 546, 548, 550, 551, 553, 554, 555, 557, 558, 559, 561, 563, 564, 566, 568, 569, 571, 573, 577, 581], "summary": {"covered_lines": 138, "num_statements": 203, "percent_covered": 67.98029556650246, "percent_covered_display": "68", "missing_lines": 65, "excluded_lines": 3}, "missing_lines": [41, 42, 122, 124, 140, 142, 158, 160, 239, 241, 252, 254, 265, 266, 267, 268, 269, 271, 278, 280, 291, 292, 293, 294, 295, 297, 339, 340, 341, 342, 343, 345, 346, 353, 354, 355, 356, 357, 359, 360, 367, 368, 369, 370, 371, 373, 374, 381, 382, 383, 384, 385, 387, 388, 395, 396, 397, 398, 399, 401, 402, 574, 576, 578, 580], "excluded_lines": [44, 45, 47], "functions": {"add_global_tags": {"executed_lines": [93, 95], "summary": {"covered_lines": 2, "num_statements": 2, "percent_covered": 100.0, "percent_covered_display": "100", "missing_lines": 0, "excluded_lines": 0}, "missing_lines": [], "excluded_lines": []}, "require_tags": {"executed_lines": [105, 107], "summary": {"covered_lines": 2, "num_statements": 2, "percent_covered": 100.0, "percent_covered_display": "100", "missing_lines": 0, "excluded_lines": 0}, "missing_lines": [], "excluded_lines": []}, "set_tag_cardinality_limit": {"executed_lines": [], "summary": {"covered_lines": 0, "num_statements": 2, "percent_covered": 0.0, "percent_covered_display": "0", "missing_lines": 2, "excluded_lines": 0}, "missing_lines": [122, 124], "excluded_lines": []}, "set_tag_allowlist": {"executed_lines": [], "summary": {"covered_lines": 0, "num_statements": 2, "percent_covered": 0.0, "percent_covered_display": "0", "missing_lines": 2, "excluded_lines": 0}, "missing_lines": [140, 142], "excluded_lines": []}, "set_redacted_tags": {"executed_lines": [], "summary": {"covered_lines": 0, "num_statements": 2, "percent_covered": 0.0, "percent_covered_display": "0", "missing_lines": 2, "excluded_lines": 0}, "missing_lines": [158, 160], "excluded_lines": []}, "get_default_region": {"executed_lines": [172, 173, 174], "summary": {"covered_lines": 3, "num_statements": 3, "percent_covered": 100.0, "percent_covered_display": "100", "missing_lines": 0, "excluded_lines": 0}, "missing_lines": [], "excluded_lines": []}, "instrument": {"executed_lines": [217, 218, 221, 222, 223, 227, 228, 229, 230, 232, 235, 236, 238, 240, 242, 243, 245, 248, 249, 251, 253, 255, 256, 258, 261, 262, 264, 274, 275, 277, 279, 281, 282, 284, 287, 288, 290, 299, 300], "summary": {"covered_lines": 39, "num_statements": 57, "percent_covered": 68.42105263157895, "percent_covered_display": "68", "missing_lines": 18, "excluded_lines": 0}, "missing_lines": [239, 241, 252, 254, 265, 266, 267, 268, 269, 271, 278, 280, 291, 292, 293, 294, 295, 297], "excluded_lines": []}, "uninstrument": {"executed_lines": [329, 330, 332, 335, 336, 338, 349, 350, 352, 363, 364, 366, 377, 378, 380, 391, 392, 394, 404, 405], "summary": {"covered_lines": 20, "num_statements": 55, "percent_covered": 36.36363636363637, "percent_covered_display": "36", "missing_lines": 35, "excluded_lines": 0}, "missing_lines": [339, 340, 341, 342, 343, 345, 346, 353, 354, 355, 356, 357, 359, 360, 367, 368, 369, 370, 371, 373, 374, 381, 382, 383, 384, 385, 387, 388, 395, 396, 397, 398, 399, 401, 402], "excluded_lines": []}, "set_log_level": {"executed_lines": [419, 421, 422, 423], "summary": {"covered_lines": 4, "num_statements": 4, "percent_covered": 100.0, "percent_covered_display": "100", "missing_lines": 0, "excluded_lines": 0}, "missing_lines": [], "excluded_lines": []}, "wrap": {"executed_lines": [464, 467, 468, 473], "summary": {"covered_lines": 4, "num_statements": 4, "percent_covered": 100.0, "percent_covered_display": "100", "missing_lines": 0, "excluded_lines": 0}, "missing_lines": [], "excluded_lines": []}, "awrap": {"executed_lines": [510, 513], "summary": {"covered_lines": 2, "num_statements": 2, "percent_covered": 100.0, "percent_covered_display": "100", "missing_lines": 0, "excluded_lines": 0}, "missing_lines": [], "excluded_lines": []}, "__getattr__": {"executed_lines": [525, 526, 528, 529, 530, 532, 533, 534, 536, 537, 538, 540, 541, 542, 544, 545, 546, 548, 550, 551, 553, 554, 555, 557, 558, 559, 561, 563, 564, 566, 568, 569, 571, 573, 577, 581], "summary": {"covered_lines": 36, "num_statements": 40, "percent_covered": 90.0, "percent_covered_display": "90", "missing_lines": 4, "excluded_lines": 0}, "missing_lines": [574, 576, 578, 580], "excluded_lines": []}, "": {"executed_lines": [1, 25, 27, 28, 29, 30, 35, 36, 37, 38, 40, 44, 49, 50, 82, 83, 86, 98, 110, 127, 145, 163, 177, 303, 408, 426, 479, 524], "summary": {"covered_lines": 26, "num_statements": 28, "percent_covered": 92.85714285714286, "percent_covered_display": "93", "missing_lines": 2, "excluded_lines": 3}, "missing_lines": [41, 42], "excluded_lines": [44, 45, 47]}}, "classes": {"": {"executed_lines": [1, 25, 27, 28, 29, 30, 35, 36, 37, 38, 40, 44, 49, 50, 82, 83, 86, 93, 95, 98, 105, 107, 110, 127, 145, 163, 172, 173, 174, 177, 217, 218, 221, 222, 223, 227, 228, 229, 230, 232, 235, 236, 238, 240, 242, 243, 245, 248, 249, 251, 253, 255, 256, 258, 261, 262, 264, 274, 275, 277, 279, 281, 282, 284, 287, 288, 290, 299, 300, 303, 329, 330, 332, 335, 336, 338, 349, 350, 352, 363, 364, 366, 377, 378, 380, 391, 392, 394, 404, 405, 408, 419, 421, 422, 423, 426, 464, 467, 468, 473, 479, 510, 513, 524, 525, 526, 528, 529, 530, 532, 533, 534, 536, 537, 538, 540, 541, 542, 544, 545, 546, 548, 550, 551, 553, 554, 555, 557, 558, 559, 561, 563, 564, 566, 568, 569, 571, 573, 577, 581], "summary": {"covered_lines": 138, "num_statements": 203, "percent_covered": 67.98029556650246, "percent_covered_display": "68", "missing_lines": 65, "excluded_lines": 3}, "missing_lines": [41, 42, 122, 124, 140, 142, 158, 160, 239, 241, 252, 254, 265, 266, 267, 268, 269, 271, 278, 280, 291, 292, 293, 294, 295, 297, 339, 340, 341, 342, 343, 345, 346, 353, 354, 355, 356, 357, 359, 360, 367, 368, 369, 370, 371, 373, 374, 381, 382, 383, 384, 385, 387, 388, 395, 396, 397, 398, 399, 401, 402, 574, 576, 578, 580], "excluded_lines": [44, 45, 47]}}}, "src/vetch/_security.py": {"executed_lines": [1, 9, 11, 12, 13, 16, 52, 59, 86, 87, 89, 92, 93, 96, 97, 100, 101, 103, 106, 116, 117, 119, 121, 122, 123, 124, 125, 128, 129, 131, 134, 156, 157, 162, 163, 164, 166, 167, 168, 169, 171, 174, 188, 192, 194, 197, 207], "summary": {"covered_lines": 46, "num_statements": 48, "percent_covered": 95.83333333333333, "percent_covered_display": "96", "missing_lines": 2, "excluded_lines": 0}, "missing_lines": [158, 159], "excluded_lines": [], "functions": {"sanitize_exception_message": {"executed_lines": [86, 87, 89, 92, 93, 96, 97, 100, 101, 103], "summary": {"covered_lines": 10, "num_statements": 10, "percent_covered": 100.0, "percent_covered_display": "100", "missing_lines": 0, "excluded_lines": 0}, "missing_lines": [], "excluded_lines": []}, "sanitize_traceback": {"executed_lines": [116, 117, 119, 121, 122, 123, 124, 125, 128, 129, 131], "summary": {"covered_lines": 11, "num_statements": 11, "percent_covered": 100.0, "percent_covered_display": "100", "missing_lines": 0, "excluded_lines": 0}, "missing_lines": [], "excluded_lines": []}, "is_safe_output_path": {"executed_lines": [156, 157, 162, 163, 164, 166, 167, 168, 169, 171], "summary": {"covered_lines": 10, "num_statements": 12, "percent_covered": 83.33333333333333, "percent_covered_display": "83", "missing_lines": 2, "excluded_lines": 0}, "missing_lines": [158, 159], "excluded_lines": []}, "sanitize_for_url": {"executed_lines": [188, 192, 194], "summary": {"covered_lines": 3, "num_statements": 3, "percent_covered": 100.0, "percent_covered_display": "100", "missing_lines": 0, "excluded_lines": 0}, "missing_lines": [], "excluded_lines": []}, "get_safe_exception_context": {"executed_lines": [207], "summary": {"covered_lines": 1, "num_statements": 1, "percent_covered": 100.0, "percent_covered_display": "100", "missing_lines": 0, "excluded_lines": 0}, "missing_lines": [], "excluded_lines": []}, "": {"executed_lines": [1, 9, 11, 12, 13, 16, 52, 59, 106, 134, 174, 197], "summary": {"covered_lines": 11, "num_statements": 11, "percent_covered": 100.0, "percent_covered_display": "100", "missing_lines": 0, "excluded_lines": 0}, "missing_lines": [], "excluded_lines": []}}, "classes": {"": {"executed_lines": [1, 9, 11, 12, 13, 16, 52, 59, 86, 87, 89, 92, 93, 96, 97, 100, 101, 103, 106, 116, 117, 119, 121, 122, 123, 124, 125, 128, 129, 131, 134, 156, 157, 162, 163, 164, 166, 167, 168, 169, 171, 174, 188, 192, 194, 197, 207], "summary": {"covered_lines": 46, "num_statements": 48, "percent_covered": 95.83333333333333, "percent_covered_display": "96", "missing_lines": 2, "excluded_lines": 0}, "missing_lines": [158, 159], "excluded_lines": []}}}, "src/vetch/advisory.py": {"executed_lines": [1, 9, 11, 13, 16, 17, 18, 19, 20, 21, 24, 26, 30, 31, 32, 33, 34, 36, 37, 38, 50, 51, 52, 53, 64, 67, 69, 70, 72, 73, 74, 76, 77, 79, 80, 81, 82, 83, 84, 85, 87], "summary": {"covered_lines": 40, "num_statements": 40, "percent_covered": 100.0, "percent_covered_display": "100", "missing_lines": 0, "excluded_lines": 0}, "missing_lines": [], "excluded_lines": [], "functions": {"generate_advisories": {"executed_lines": [26, 30, 31, 32, 33, 34, 36, 37, 38, 50, 51, 52, 53, 64], "summary": {"covered_lines": 14, "num_statements": 14, "percent_covered": 100.0, "percent_covered_display": "100", "missing_lines": 0, "excluded_lines": 0}, "missing_lines": [], "excluded_lines": []}, "format_advisories": {"executed_lines": [69, 70, 72, 73, 74, 76, 77, 79, 80, 81, 82, 83, 84, 85, 87], "summary": {"covered_lines": 15, "num_statements": 15, "percent_covered": 100.0, "percent_covered_display": "100", "missing_lines": 0, "excluded_lines": 0}, "missing_lines": [], "excluded_lines": []}, "": {"executed_lines": [1, 9, 11, 13, 16, 17, 18, 19, 20, 21, 24, 67], "summary": {"covered_lines": 11, "num_statements": 11, "percent_covered": 100.0, "percent_covered_display": "100", "missing_lines": 0, "excluded_lines": 0}, "missing_lines": [], "excluded_lines": []}}, "classes": {"Advisory": {"executed_lines": [], "summary": {"covered_lines": 0, "num_statements": 0, "percent_covered": 100.0, "percent_covered_display": "100", "missing_lines": 0, "excluded_lines": 0}, "missing_lines": [], "excluded_lines": []}, "": {"executed_lines": [1, 9, 11, 13, 16, 17, 18, 19, 20, 21, 24, 26, 30, 31, 32, 33, 34, 36, 37, 38, 50, 51, 52, 53, 64, 67, 69, 70, 72, 73, 74, 76, 77, 79, 80, 81, 82, 83, 84, 85, 87], "summary": {"covered_lines": 40, "num_statements": 40, "percent_covered": 100.0, "percent_covered_display": "100", "missing_lines": 0, "excluded_lines": 0}, "missing_lines": [], "excluded_lines": []}}}, "src/vetch/budget.py": {"executed_lines": [1, 16, 18, 19, 20, 21, 22, 23, 24, 25, 28, 35, 38, 41, 42, 43, 46, 47, 50, 51, 52, 68, 69, 70, 71, 72, 73, 74, 75, 78, 79, 80, 81, 82, 83, 85, 87, 88, 89, 90, 93, 94, 95, 97, 98, 99, 100, 101, 102, 103, 104, 106, 107, 108, 115, 161, 171, 172, 173, 174, 177, 186, 187, 188, 189, 190, 193, 195, 196, 197, 200, 217, 218, 221, 224, 226, 227, 229, 231, 233, 236, 256, 257, 258, 260, 261, 262, 264, 265, 267, 268, 271, 273, 274, 276, 277, 282, 283, 284, 285, 286, 287, 290, 296, 297, 300, 301, 302, 304, 305, 307, 309, 310, 311, 316, 326, 327, 328, 331, 332, 333, 334, 337, 338, 341, 342, 343, 347, 350, 368, 369, 381, 390, 391, 397, 398, 404, 405, 411, 412, 420], "summary": {"covered_lines": 138, "num_statements": 161, "percent_covered": 85.71428571428571, "percent_covered_display": "86", "missing_lines": 23, "excluded_lines": 0}, "missing_lines": [232, 266, 278, 298, 314, 344, 345, 392, 393, 394, 395, 399, 400, 401, 402, 406, 407, 408, 409, 413, 414, 415, 416], "excluded_lines": [], "functions": {"Budget.reset": {"executed_lines": [87, 88, 89, 90], "summary": {"covered_lines": 4, "num_statements": 4, "percent_covered": 100.0, "percent_covered_display": "100", "missing_lines": 0, "excluded_lines": 0}, "missing_lines": [], "excluded_lines": []}, "BudgetAlert.__str__": {"executed_lines": [107, 108], "summary": {"covered_lines": 2, "num_statements": 2, "percent_covered": 100.0, "percent_covered_display": "100", "missing_lines": 0, "excluded_lines": 0}, "missing_lines": [], "excluded_lines": []}, "set_budget": {"executed_lines": [161, 171, 172, 173, 174], "summary": {"covered_lines": 5, "num_statements": 5, "percent_covered": 100.0, "percent_covered_display": "100", "missing_lines": 0, "excluded_lines": 0}, "missing_lines": [], "excluded_lines": []}, "remove_budget": {"executed_lines": [186, 187, 188, 189, 190], "summary": {"covered_lines": 5, "num_statements": 5, "percent_covered": 100.0, "percent_covered_display": "100", "missing_lines": 0, "excluded_lines": 0}, "missing_lines": [], "excluded_lines": []}, "clear_budgets": {"executed_lines": [195, 196, 197], "summary": {"covered_lines": 3, "num_statements": 3, "percent_covered": 100.0, "percent_covered_display": "100", "missing_lines": 0, "excluded_lines": 0}, "missing_lines": [], "excluded_lines": []}, "on_budget_alert": {"executed_lines": [217, 218], "summary": {"covered_lines": 2, "num_statements": 2, "percent_covered": 100.0, "percent_covered_display": "100", "missing_lines": 0, "excluded_lines": 0}, "missing_lines": [], "excluded_lines": []}, "_add_warned_key": {"executed_lines": [224, 226, 227, 229, 231, 233], "summary": {"covered_lines": 6, "num_statements": 7, "percent_covered": 85.71428571428571, "percent_covered_display": "86", "missing_lines": 1, "excluded_lines": 0}, "missing_lines": [232], "excluded_lines": []}, "check_budgets": {"executed_lines": [256, 257, 258, 260, 261, 262, 264, 265, 267, 268, 271, 273, 274, 276, 277, 282, 283, 284, 285, 286, 287, 290, 296, 297, 300, 301, 302, 304, 305, 307, 309, 310, 311, 316, 326, 327, 328, 331, 332, 333, 334, 337, 338, 341, 342, 343, 347], "summary": {"covered_lines": 47, "num_statements": 53, "percent_covered": 88.67924528301887, "percent_covered_display": "89", "missing_lines": 6, "excluded_lines": 0}, "missing_lines": [266, 278, 298, 314, 344, 345], "excluded_lines": []}, "get_budget_status": {"executed_lines": [368, 369], "summary": {"covered_lines": 2, "num_statements": 2, "percent_covered": 100.0, "percent_covered_display": "100", "missing_lines": 0, "excluded_lines": 0}, "missing_lines": [], "excluded_lines": []}, "_auto_configure_from_env": {"executed_lines": [390, 391, 397, 398, 404, 405, 411, 412], "summary": {"covered_lines": 8, "num_statements": 24, "percent_covered": 33.333333333333336, "percent_covered_display": "33", "missing_lines": 16, "excluded_lines": 0}, "missing_lines": [392, 393, 394, 395, 399, 400, 401, 402, 406, 407, 408, 409, 413, 414, 415, 416], "excluded_lines": []}, "": {"executed_lines": [1, 16, 18, 19, 20, 21, 22, 23, 24, 25, 28, 35, 38, 41, 42, 43, 46, 47, 50, 51, 52, 68, 69, 70, 71, 72, 73, 74, 75, 78, 79, 80, 81, 82, 83, 85, 93, 94, 95, 97, 98, 99, 100, 101, 102, 103, 104, 106, 115, 177, 193, 200, 221, 236, 350, 381, 420], "summary": {"covered_lines": 54, "num_statements": 54, "percent_covered": 100.0, "percent_covered_display": "100", "missing_lines": 0, "excluded_lines": 0}, "missing_lines": [], "excluded_lines": []}}, "classes": {"Budget": {"executed_lines": [87, 88, 89, 90], "summary": {"covered_lines": 4, "num_statements": 4, "percent_covered": 100.0, "percent_covered_display": "100", "missing_lines": 0, "excluded_lines": 0}, "missing_lines": [], "excluded_lines": []}, "BudgetAlert": {"executed_lines": [107, 108], "summary": {"covered_lines": 2, "num_statements": 2, "percent_covered": 100.0, "percent_covered_display": "100", "missing_lines": 0, "excluded_lines": 0}, "missing_lines": [], "excluded_lines": []}, "": {"executed_lines": [1, 16, 18, 19, 20, 21, 22, 23, 24, 25, 28, 35, 38, 41, 42, 43, 46, 47, 50, 51, 52, 68, 69, 70, 71, 72, 73, 74, 75, 78, 79, 80, 81, 82, 83, 85, 93, 94, 95, 97, 98, 99, 100, 101, 102, 103, 104, 106, 115, 161, 171, 172, 173, 174, 177, 186, 187, 188, 189, 190, 193, 195, 196, 197, 200, 217, 218, 221, 224, 226, 227, 229, 231, 233, 236, 256, 257, 258, 260, 261, 262, 264, 265, 267, 268, 271, 273, 274, 276, 277, 282, 283, 284, 285, 286, 287, 290, 296, 297, 300, 301, 302, 304, 305, 307, 309, 310, 311, 316, 326, 327, 328, 331, 332, 333, 334, 337, 338, 341, 342, 343, 347, 350, 368, 369, 381, 390, 391, 397, 398, 404, 405, 411, 412, 420], "summary": {"covered_lines": 132, "num_statements": 155, "percent_covered": 85.16129032258064, "percent_covered_display": "85", "missing_lines": 23, "excluded_lines": 0}, "missing_lines": [232, 266, 278, 298, 314, 344, 345, 392, 393, 394, 395, 399, 400, 401, 402, 406, 407, 408, 409, 413, 414, 415, 416], "excluded_lines": []}}}, "src/vetch/calculation.py": {"executed_lines": [1, 9, 11, 12, 13, 14, 15, 17, 20, 21, 22, 23, 26, 27, 28, 31, 46, 47, 49, 57, 58, 59, 60, 61, 64, 76, 78, 79, 80, 82, 83, 84, 86, 87, 93, 95, 96, 97, 99, 100, 103, 104, 110, 112, 113, 114, 116, 117, 120, 121, 126, 131, 132, 133, 134, 136, 137, 141, 144, 149, 150, 151, 152, 154, 155, 159, 162, 165, 166, 167, 170, 179, 180, 181, 184, 185, 188, 189, 190, 191, 195, 196, 197, 198, 200, 205, 208, 210, 223, 231, 240, 244, 245, 248, 259, 260, 262, 263, 278, 279, 280, 281, 285, 286, 289, 302, 303, 306, 307, 315, 320, 321, 323, 326, 327, 329, 332, 335, 364, 365, 367, 368, 369, 370, 371, 372, 374, 375, 377, 378, 380, 381, 382, 384, 385, 388, 393, 394, 395, 396, 398, 401, 402, 403, 404, 407, 408, 409, 411, 412, 414, 415, 416, 417, 418, 419, 421, 422, 423, 429, 436, 447, 458, 467, 470, 471, 472, 475, 479, 480, 486, 501, 502, 511, 512, 513, 514, 515, 516, 519, 520, 521, 522, 525, 528, 552, 577, 581, 583, 584, 585, 586, 588, 591, 592, 593, 595, 596, 598, 600, 606, 608, 619, 622, 629, 630, 632, 633, 634, 636, 637, 644, 674, 681, 683, 685, 686, 689, 690, 691, 694, 723, 724, 727, 756, 759, 760, 761, 762, 763, 765, 766, 767, 771, 773, 774, 777, 786, 789, 793, 794, 797, 800, 839, 841, 843, 845, 849, 850, 853, 893, 894, 895, 897, 898, 899, 900, 901, 902, 907, 908, 911, 916, 917, 920, 921, 922, 924, 926, 927, 929, 931, 934, 941, 945, 947], "summary": {"covered_lines": 275, "num_statements": 350, "percent_covered": 78.57142857142857, "percent_covered_display": "79", "missing_lines": 75, "excluded_lines": 0}, "missing_lines": [50, 51, 52, 53, 54, 101, 118, 138, 139, 140, 156, 157, 158, 199, 201, 202, 203, 265, 268, 269, 270, 271, 272, 276, 308, 309, 310, 311, 476, 483, 503, 504, 505, 506, 507, 508, 534, 535, 536, 538, 539, 541, 542, 545, 546, 547, 548, 549, 638, 639, 640, 641, 682, 687, 692, 695, 697, 698, 699, 700, 702, 703, 705, 706, 708, 709, 710, 711, 712, 714, 715, 716, 718, 720, 790], "excluded_lines": [], "functions": {"_load_json_with_override": {"executed_lines": [46, 47, 49, 57, 58, 59, 60, 61], "summary": {"covered_lines": 8, "num_statements": 13, "percent_covered": 61.53846153846154, "percent_covered_display": "62", "missing_lines": 5, "excluded_lines": 0}, "missing_lines": [50, 51, 52, 53, 54], "excluded_lines": []}, "_load_registry": {"executed_lines": [76, 78, 79, 80, 82, 83, 84, 86, 87, 93, 95, 96, 97, 99, 100, 103, 104, 110, 112, 113, 114, 116, 117, 120, 121], "summary": {"covered_lines": 25, "num_statements": 27, "percent_covered": 92.5925925925926, "percent_covered_display": "93", "missing_lines": 2, "excluded_lines": 0}, "missing_lines": [101, 118], "excluded_lines": []}, "_merge_remote_energy": {"executed_lines": [131, 132, 133, 134, 136, 137, 141], "summary": {"covered_lines": 7, "num_statements": 10, "percent_covered": 70.0, "percent_covered_display": "70", "missing_lines": 3, "excluded_lines": 0}, "missing_lines": [138, 139, 140], "excluded_lines": []}, "_merge_remote_pricing": {"executed_lines": [149, 150, 151, 152, 154, 155, 159], "summary": {"covered_lines": 7, "num_statements": 10, "percent_covered": 70.0, "percent_covered_display": "70", "missing_lines": 3, "excluded_lines": 0}, "missing_lines": [156, 157, 158], "excluded_lines": []}, "_reset_registries": {"executed_lines": [165, 166, 167], "summary": {"covered_lines": 3, "num_statements": 3, "percent_covered": 100.0, "percent_covered_display": "100", "missing_lines": 0, "excluded_lines": 0}, "missing_lines": [], "excluded_lines": []}, "resolve_model": {"executed_lines": [179, 180, 181, 184, 185, 188, 189, 190, 191, 195, 196, 197, 198, 200, 205], "summary": {"covered_lines": 15, "num_statements": 19, "percent_covered": 78.94736842105263, "percent_covered_display": "79", "missing_lines": 4, "excluded_lines": 0}, "missing_lines": [199, 201, 202, 203], "excluded_lines": []}, "get_conservative_energy": {"executed_lines": [210], "summary": {"covered_lines": 1, "num_statements": 1, "percent_covered": 100.0, "percent_covered_display": "100", "missing_lines": 0, "excluded_lines": 0}, "missing_lines": [], "excluded_lines": []}, "get_uncertainty_pct": {"executed_lines": [240], "summary": {"covered_lines": 1, "num_statements": 1, "percent_covered": 100.0, "percent_covered_display": "100", "missing_lines": 0, "excluded_lines": 0}, "missing_lines": [], "excluded_lines": []}, "_get_tiktoken_encoding": {"executed_lines": [259, 260, 262, 263, 278, 279, 280, 281, 285, 286], "summary": {"covered_lines": 10, "num_statements": 17, "percent_covered": 58.8235294117647, "percent_covered_display": "59", "missing_lines": 7, "excluded_lines": 0}, "missing_lines": [265, 268, 269, 270, 271, 272, 276], "excluded_lines": []}, "estimate_tokens": {"executed_lines": [302, 303, 306, 307, 315, 320, 321, 323, 326, 327, 329, 332], "summary": {"covered_lines": 12, "num_statements": 16, "percent_covered": 75.0, "percent_covered_display": "75", "missing_lines": 4, "excluded_lines": 0}, "missing_lines": [308, 309, 310, 311], "excluded_lines": []}, "calculate_energy": {"executed_lines": [364, 365, 367, 368, 369, 370, 371, 372, 374, 375, 377, 378, 380, 381, 382, 384, 385, 388, 393, 394, 395, 396, 398, 401, 402, 403, 404, 407, 408, 409, 411, 412, 414, 415, 416, 417, 418, 419, 421, 422, 423], "summary": {"covered_lines": 41, "num_statements": 41, "percent_covered": 100.0, "percent_covered_display": "100", "missing_lines": 0, "excluded_lines": 0}, "missing_lines": [], "excluded_lines": []}, "_infer_provider_from_model": {"executed_lines": [467, 470, 471, 472, 475, 479, 480], "summary": {"covered_lines": 7, "num_statements": 9, "percent_covered": 77.77777777777777, "percent_covered_display": "78", "missing_lines": 2, "excluded_lines": 0}, "missing_lines": [476, 483], "excluded_lines": []}, "get_provider_pue": {"executed_lines": [501, 502, 511, 512, 513, 514, 515, 516, 519, 520, 521, 522, 525], "summary": {"covered_lines": 13, "num_statements": 19, "percent_covered": 68.42105263157895, "percent_covered_display": "68", "missing_lines": 6, "excluded_lines": 0}, "missing_lines": [503, 504, 505, 506, 507, 508], "excluded_lines": []}, "get_default_pue": {"executed_lines": [], "summary": {"covered_lines": 0, "num_statements": 12, "percent_covered": 0.0, "percent_covered_display": "0", "missing_lines": 12, "excluded_lines": 0}, "missing_lines": [534, 535, 536, 538, 539, 541, 542, 545, 546, 547, 548, 549], "excluded_lines": []}, "calculate_carbon": {"executed_lines": [577, 581, 583, 584, 585, 586, 588, 591, 592, 593, 595, 596, 598, 600], "summary": {"covered_lines": 14, "num_statements": 14, "percent_covered": 100.0, "percent_covered_display": "100", "missing_lines": 0, "excluded_lines": 0}, "missing_lines": [], "excluded_lines": []}, "_load_wue_registry": {"executed_lines": [629, 630, 632, 633, 634, 636, 637], "summary": {"covered_lines": 7, "num_statements": 11, "percent_covered": 63.63636363636363, "percent_covered_display": "64", "missing_lines": 4, "excluded_lines": 0}, "missing_lines": [638, 639, 640, 641], "excluded_lines": []}, "calculate_water": {"executed_lines": [674, 681, 683, 685, 686, 689, 690, 691, 694, 723, 724], "summary": {"covered_lines": 11, "num_statements": 33, "percent_covered": 33.333333333333336, "percent_covered_display": "33", "missing_lines": 22, "excluded_lines": 0}, "missing_lines": [682, 687, 692, 695, 697, 698, 699, 700, 702, 703, 705, 706, 708, 709, 710, 711, 712, 714, 715, 716, 718, 720], "excluded_lines": []}, "calculate_embodied_carbon": {"executed_lines": [756, 759, 760, 761, 762, 763, 765, 766, 767, 771, 773, 774], "summary": {"covered_lines": 12, "num_statements": 12, "percent_covered": 100.0, "percent_covered_display": "100", "missing_lines": 0, "excluded_lines": 0}, "missing_lines": [], "excluded_lines": []}, "_estimate_embodied_factor_by_model_name": {"executed_lines": [786, 789, 793, 794, 797], "summary": {"covered_lines": 5, "num_statements": 6, "percent_covered": 83.33333333333333, "percent_covered_display": "83", "missing_lines": 1, "excluded_lines": 0}, "missing_lines": [790], "excluded_lines": []}, "_calculate_tiered_cost": {"executed_lines": [839, 841, 843, 845, 849, 850], "summary": {"covered_lines": 6, "num_statements": 6, "percent_covered": 100.0, "percent_covered_display": "100", "missing_lines": 0, "excluded_lines": 0}, "missing_lines": [], "excluded_lines": []}, "calculate_cost": {"executed_lines": [893, 894, 895, 897, 898, 899, 900, 901, 902, 907, 908, 911, 916, 917, 920, 921, 922, 924, 926, 927, 929, 931, 934, 941, 945, 947], "summary": {"covered_lines": 26, "num_statements": 26, "percent_covered": 100.0, "percent_covered_display": "100", "missing_lines": 0, "excluded_lines": 0}, "missing_lines": [], "excluded_lines": []}, "": {"executed_lines": [1, 9, 11, 12, 13, 14, 15, 17, 20, 21, 22, 23, 26, 27, 28, 31, 64, 126, 144, 162, 170, 208, 223, 231, 244, 245, 248, 289, 335, 429, 436, 447, 458, 486, 528, 552, 606, 608, 619, 622, 644, 727, 777, 800, 853], "summary": {"covered_lines": 44, "num_statements": 44, "percent_covered": 100.0, "percent_covered_display": "100", "missing_lines": 0, "excluded_lines": 0}, "missing_lines": [], "excluded_lines": []}}, "classes": {"": {"executed_lines": [1, 9, 11, 12, 13, 14, 15, 17, 20, 21, 22, 23, 26, 27, 28, 31, 46, 47, 49, 57, 58, 59, 60, 61, 64, 76, 78, 79, 80, 82, 83, 84, 86, 87, 93, 95, 96, 97, 99, 100, 103, 104, 110, 112, 113, 114, 116, 117, 120, 121, 126, 131, 132, 133, 134, 136, 137, 141, 144, 149, 150, 151, 152, 154, 155, 159, 162, 165, 166, 167, 170, 179, 180, 181, 184, 185, 188, 189, 190, 191, 195, 196, 197, 198, 200, 205, 208, 210, 223, 231, 240, 244, 245, 248, 259, 260, 262, 263, 278, 279, 280, 281, 285, 286, 289, 302, 303, 306, 307, 315, 320, 321, 323, 326, 327, 329, 332, 335, 364, 365, 367, 368, 369, 370, 371, 372, 374, 375, 377, 378, 380, 381, 382, 384, 385, 388, 393, 394, 395, 396, 398, 401, 402, 403, 404, 407, 408, 409, 411, 412, 414, 415, 416, 417, 418, 419, 421, 422, 423, 429, 436, 447, 458, 467, 470, 471, 472, 475, 479, 480, 486, 501, 502, 511, 512, 513, 514, 515, 516, 519, 520, 521, 522, 525, 528, 552, 577, 581, 583, 584, 585, 586, 588, 591, 592, 593, 595, 596, 598, 600, 606, 608, 619, 622, 629, 630, 632, 633, 634, 636, 637, 644, 674, 681, 683, 685, 686, 689, 690, 691, 694, 723, 724, 727, 756, 759, 760, 761, 762, 763, 765, 766, 767, 771, 773, 774, 777, 786, 789, 793, 794, 797, 800, 839, 841, 843, 845, 849, 850, 853, 893, 894, 895, 897, 898, 899, 900, 901, 902, 907, 908, 911, 916, 917, 920, 921, 922, 924, 926, 927, 929, 931, 934, 941, 945, 947], "summary": {"covered_lines": 275, "num_statements": 350, "percent_covered": 78.57142857142857, "percent_covered_display": "79", "missing_lines": 75, "excluded_lines": 0}, "missing_lines": [50, 51, 52, 53, 54, 101, 118, 138, 139, 140, 156, 157, 158, 199, 201, 202, 203, 265, 268, 269, 270, 271, 272, 276, 308, 309, 310, 311, 476, 483, 503, 504, 505, 506, 507, 508, 534, 535, 536, 538, 539, 541, 542, 545, 546, 547, 548, 549, 638, 639, 640, 641, 682, 687, 692, 695, 697, 698, 699, 700, 702, 703, 705, 706, 708, 709, 710, 711, 712, 714, 715, 716, 718, 720, 790], "excluded_lines": []}}}, "src/vetch/calibrate.py": {"executed_lines": [1, 10, 12, 13, 14, 15, 16, 17, 19, 22, 25, 28, 29, 30, 38, 41, 42, 44, 45, 46, 47, 48, 49, 50, 53, 55, 56, 59, 60, 63, 65, 66, 69, 70, 75, 76, 78, 79, 80, 81, 83, 84, 85, 86, 87, 89, 90, 91, 93, 94, 95, 96, 97, 98, 104, 106, 108, 111, 128, 129, 130, 132, 133, 135, 136, 137, 140, 142, 143, 148, 150, 152, 155, 157, 158, 159, 163, 165, 175, 176, 179, 180, 181, 183, 190, 193, 194], "summary": {"covered_lines": 84, "num_statements": 90, "percent_covered": 93.33333333333333, "percent_covered_display": "93", "missing_lines": 6, "excluded_lines": 0}, "missing_lines": [57, 58, 67, 68, 71, 72], "excluded_lines": [], "functions": {"_warn_experimental": {"executed_lines": [28, 29, 30], "summary": {"covered_lines": 3, "num_statements": 3, "percent_covered": 100.0, "percent_covered_display": "100", "missing_lines": 0, "excluded_lines": 0}, "missing_lines": [], "excluded_lines": []}, "is_gpu_available": {"executed_lines": [55, 56, 59, 60], "summary": {"covered_lines": 4, "num_statements": 6, "percent_covered": 66.66666666666667, "percent_covered_display": "67", "missing_lines": 2, "excluded_lines": 0}, "missing_lines": [57, 58], "excluded_lines": []}, "get_gpu_error": {"executed_lines": [65, 66, 69, 70], "summary": {"covered_lines": 4, "num_statements": 8, "percent_covered": 50.0, "percent_covered_display": "50", "missing_lines": 4, "excluded_lines": 0}, "missing_lines": [67, 68, 71, 72], "excluded_lines": []}, "GPUMonitor.__init__": {"executed_lines": [79, 80, 81], "summary": {"covered_lines": 3, "num_statements": 3, "percent_covered": 100.0, "percent_covered_display": "100", "missing_lines": 0, "excluded_lines": 0}, "missing_lines": [], "excluded_lines": []}, "GPUMonitor.__enter__": {"executed_lines": [84, 85, 86, 87], "summary": {"covered_lines": 4, "num_statements": 4, "percent_covered": 100.0, "percent_covered_display": "100", "missing_lines": 0, "excluded_lines": 0}, "missing_lines": [], "excluded_lines": []}, "GPUMonitor.__exit__": {"executed_lines": [90, 91], "summary": {"covered_lines": 2, "num_statements": 2, "percent_covered": 100.0, "percent_covered_display": "100", "missing_lines": 0, "excluded_lines": 0}, "missing_lines": [], "excluded_lines": []}, "GPUMonitor.get_gpu_info": {"executed_lines": [94, 95, 96, 97, 98], "summary": {"covered_lines": 5, "num_statements": 5, "percent_covered": 100.0, "percent_covered_display": "100", "missing_lines": 0, "excluded_lines": 0}, "missing_lines": [], "excluded_lines": []}, "GPUMonitor.get_power_w": {"executed_lines": [106, 108], "summary": {"covered_lines": 2, "num_statements": 2, "percent_covered": 100.0, "percent_covered_display": "100", "missing_lines": 0, "excluded_lines": 0}, "missing_lines": [], "excluded_lines": []}, "calibrate_model": {"executed_lines": [128, 129, 130, 132, 133, 135, 136, 137, 140, 142, 143, 148, 150, 152, 155, 157, 158, 159, 163, 165, 175, 176], "summary": {"covered_lines": 22, "num_statements": 22, "percent_covered": 100.0, "percent_covered_display": "100", "missing_lines": 0, "excluded_lines": 0}, "missing_lines": [], "excluded_lines": []}, "_save_calibration": {"executed_lines": [180, 181, 183, 190], "summary": {"covered_lines": 4, "num_statements": 4, "percent_covered": 100.0, "percent_covered_display": "100", "missing_lines": 0, "excluded_lines": 0}, "missing_lines": [], "excluded_lines": []}, "format_calibration_result": {"executed_lines": [194], "summary": {"covered_lines": 1, "num_statements": 1, "percent_covered": 100.0, "percent_covered_display": "100", "missing_lines": 0, "excluded_lines": 0}, "missing_lines": [], "excluded_lines": []}, "": {"executed_lines": [1, 10, 12, 13, 14, 15, 16, 17, 19, 22, 25, 38, 41, 42, 44, 45, 46, 47, 48, 49, 50, 53, 63, 75, 76, 78, 83, 89, 93, 104, 111, 179, 193], "summary": {"covered_lines": 30, "num_statements": 30, "percent_covered": 100.0, "percent_covered_display": "100", "missing_lines": 0, "excluded_lines": 0}, "missing_lines": [], "excluded_lines": []}}, "classes": {"CalibrationResult": {"executed_lines": [], "summary": {"covered_lines": 0, "num_statements": 0, "percent_covered": 100.0, "percent_covered_display": "100", "missing_lines": 0, "excluded_lines": 0}, "missing_lines": [], "excluded_lines": []}, "GPUMonitor": {"executed_lines": [79, 80, 81, 84, 85, 86, 87, 90, 91, 94, 95, 96, 97, 98, 106, 108], "summary": {"covered_lines": 16, "num_statements": 16, "percent_covered": 100.0, "percent_covered_display": "100", "missing_lines": 0, "excluded_lines": 0}, "missing_lines": [], "excluded_lines": []}, "": {"executed_lines": [1, 10, 12, 13, 14, 15, 16, 17, 19, 22, 25, 28, 29, 30, 38, 41, 42, 44, 45, 46, 47, 48, 49, 50, 53, 55, 56, 59, 60, 63, 65, 66, 69, 70, 75, 76, 78, 83, 89, 93, 104, 111, 128, 129, 130, 132, 133, 135, 136, 137, 140, 142, 143, 148, 150, 152, 155, 157, 158, 159, 163, 165, 175, 176, 179, 180, 181, 183, 190, 193, 194], "summary": {"covered_lines": 68, "num_statements": 74, "percent_covered": 91.89189189189189, "percent_covered_display": "92", "missing_lines": 6, "excluded_lines": 0}, "missing_lines": [57, 58, 67, 68, 71, 72], "excluded_lines": []}}}, "src/vetch/ci.py": {"executed_lines": [1, 9, 11, 12, 13, 14, 17, 20, 27, 29, 31, 35, 36, 39, 40, 41, 47, 48, 49, 50, 52, 54, 55, 57, 58, 59, 60, 61, 62, 63, 64, 65, 66, 69, 70], "summary": {"covered_lines": 34, "num_statements": 34, "percent_covered": 100.0, "percent_covered_display": "100", "missing_lines": 0, "excluded_lines": 0}, "missing_lines": [], "excluded_lines": [], "functions": {"is_ci": {"executed_lines": [29], "summary": {"covered_lines": 1, "num_statements": 1, "percent_covered": 100.0, "percent_covered_display": "100", "missing_lines": 0, "excluded_lines": 0}, "missing_lines": [], "excluded_lines": []}, "track_ci_event": {"executed_lines": [35, 36, 39, 40, 41, 47, 48, 49, 50], "summary": {"covered_lines": 9, "num_statements": 9, "percent_covered": 100.0, "percent_covered_display": "100", "missing_lines": 0, "excluded_lines": 0}, "missing_lines": [], "excluded_lines": []}, "_print_ci_summary": {"executed_lines": [54, 55, 57, 58, 59, 60, 61, 62, 63, 64, 65, 66], "summary": {"covered_lines": 12, "num_statements": 12, "percent_covered": 100.0, "percent_covered_display": "100", "missing_lines": 0, "excluded_lines": 0}, "missing_lines": [], "excluded_lines": []}, "": {"executed_lines": [1, 9, 11, 12, 13, 14, 17, 20, 27, 31, 52, 69, 70], "summary": {"covered_lines": 12, "num_statements": 12, "percent_covered": 100.0, "percent_covered_display": "100", "missing_lines": 0, "excluded_lines": 0}, "missing_lines": [], "excluded_lines": []}}, "classes": {"": {"executed_lines": [1, 9, 11, 12, 13, 14, 17, 20, 27, 29, 31, 35, 36, 39, 40, 41, 47, 48, 49, 50, 52, 54, 55, 57, 58, 59, 60, 61, 62, 63, 64, 65, 66, 69, 70], "summary": {"covered_lines": 34, "num_statements": 34, "percent_covered": 100.0, "percent_covered_display": "100", "missing_lines": 0, "excluded_lines": 0}, "missing_lines": [], "excluded_lines": []}}}, "src/vetch/cli.py": {"executed_lines": [1, 11, 13, 14, 15, 16, 17, 18, 19, 21, 24, 48, 73, 76, 86, 92, 94, 95, 98, 101, 105, 109, 114, 115, 131, 132, 135, 138, 139, 140, 141, 145, 146, 147, 148, 149, 150, 155, 157, 158, 160, 161, 163, 164, 165, 168, 169, 172, 181, 183, 188, 189, 190, 191, 192, 193, 195, 196, 197, 198, 199, 201, 204, 207, 208, 210, 214, 216, 218, 219, 222, 223, 226, 227, 228, 229, 230, 233, 235, 236, 238, 241, 242, 243, 244, 249, 250, 251, 252, 255, 258, 259, 260, 261, 262, 263, 265, 268, 269, 270, 271, 272, 273, 278, 279, 280, 281, 282, 287, 353, 370, 405, 489, 525, 620, 741, 743, 746, 747, 749, 750, 752, 753, 756, 759, 760, 761, 762, 764, 765, 779, 783, 784, 787, 788, 789, 792, 793, 794, 804, 805, 806, 809, 810, 817, 818, 819, 821, 822, 823, 826, 827, 828, 829, 830, 831, 838, 840, 843, 846, 849, 850, 851, 853, 854, 861, 864, 867, 868, 875, 876, 879, 881, 883, 884, 885, 886, 887, 890, 892, 893, 894, 896, 897, 898, 900, 904, 906, 907, 911, 912, 914, 915, 916, 917, 919, 920, 922, 923, 924, 928, 935, 936, 937, 939, 942, 944, 946, 947, 949, 950, 951, 952, 953, 955, 956, 959, 960, 961, 963, 966, 967, 970, 974, 978, 979, 984, 985, 989, 993, 997, 998, 1003, 1004, 1005, 1008, 1011, 1014, 1017, 1018, 1023, 1026, 1027, 1028, 1029, 1032, 1035, 1039, 1044, 1045, 1048, 1049, 1052, 1055, 1058, 1065, 1070, 1073, 1076, 1080, 1083, 1088, 1091, 1092, 1095, 1101, 1104, 1107, 1111, 1116, 1118, 1119, 1120, 1121, 1122, 1123, 1124, 1125, 1126, 1128, 1130, 1132, 1137, 1139, 1141, 1142, 1143, 1144, 1145, 1146, 1147, 1152, 1155], "summary": {"covered_lines": 292, "num_statements": 649, "percent_covered": 44.99229583975347, "percent_covered_display": "45", "missing_lines": 357, "excluded_lines": 1}, "missing_lines": [36, 37, 38, 39, 41, 42, 45, 60, 61, 62, 63, 65, 66, 69, 78, 79, 80, 81, 82, 83, 88, 89, 151, 152, 184, 185, 200, 211, 212, 221, 245, 246, 253, 264, 274, 275, 284, 355, 357, 359, 360, 361, 363, 364, 365, 366, 367, 372, 373, 375, 377, 378, 379, 380, 381, 382, 383, 386, 387, 390, 391, 393, 394, 395, 396, 397, 398, 399, 400, 401, 402, 410, 416, 417, 418, 419, 420, 421, 422, 423, 424, 425, 426, 427, 430, 431, 432, 433, 434, 435, 436, 437, 438, 439, 440, 441, 444, 445, 446, 447, 448, 449, 450, 451, 452, 453, 454, 455, 456, 457, 458, 459, 460, 461, 462, 463, 464, 465, 466, 468, 469, 470, 471, 472, 473, 475, 478, 479, 480, 481, 482, 483, 484, 485, 486, 491, 493, 496, 497, 498, 499, 500, 501, 502, 503, 504, 505, 507, 510, 511, 513, 514, 515, 516, 517, 518, 520, 522, 533, 535, 538, 539, 540, 542, 543, 544, 545, 546, 547, 548, 549, 550, 552, 553, 554, 555, 556, 557, 558, 560, 561, 563, 565, 566, 569, 570, 571, 572, 573, 575, 576, 579, 580, 581, 582, 583, 584, 585, 586, 587, 588, 589, 590, 591, 592, 593, 594, 595, 596, 597, 600, 601, 603, 604, 607, 608, 609, 610, 611, 612, 614, 616, 617, 622, 624, 631, 633, 634, 636, 637, 638, 639, 640, 641, 642, 643, 644, 646, 647, 648, 649, 650, 651, 654, 655, 656, 659, 660, 661, 662, 663, 664, 665, 668, 670, 671, 672, 675, 676, 678, 679, 681, 682, 683, 686, 687, 688, 689, 690, 691, 692, 693, 694, 697, 698, 699, 700, 701, 702, 703, 704, 705, 708, 709, 710, 711, 712, 713, 715, 718, 719, 720, 721, 727, 728, 729, 730, 731, 732, 733, 734, 735, 737, 738, 755, 766, 767, 769, 770, 771, 773, 774, 775, 777, 780, 781, 785, 795, 796, 797, 799, 800, 801, 802, 836, 839, 841, 844, 845, 855, 856, 857, 858, 859, 862, 863, 889, 901, 902, 918, 925, 926, 929, 930, 931, 932, 933, 1127, 1129, 1131, 1133, 1134, 1136, 1138, 1140, 1150, 1156], "excluded_lines": [289], "functions": {"positive_int": {"executed_lines": [], "summary": {"covered_lines": 0, "num_statements": 7, "percent_covered": 0.0, "percent_covered_display": "0", "missing_lines": 7, "excluded_lines": 0}, "missing_lines": [36, 37, 38, 39, 41, 42, 45], "excluded_lines": []}, "positive_float": {"executed_lines": [], "summary": {"covered_lines": 0, "num_statements": 7, "percent_covered": 0.0, "percent_covered_display": "0", "missing_lines": 7, "excluded_lines": 0}, "missing_lines": [60, 61, 62, 63, 65, 66, 69], "excluded_lines": []}, "load_config": {"executed_lines": [], "summary": {"covered_lines": 0, "num_statements": 6, "percent_covered": 0.0, "percent_covered_display": "0", "missing_lines": 6, "excluded_lines": 0}, "missing_lines": [78, 79, 80, 81, 82, 83], "excluded_lines": []}, "save_config": {"executed_lines": [], "summary": {"covered_lines": 0, "num_statements": 2, "percent_covered": 0.0, "percent_covered_display": "0", "missing_lines": 2, "excluded_lines": 0}, "missing_lines": [88, 89], "excluded_lines": []}, "estimate": {"executed_lines": [94, 95, 98, 101, 105, 109, 114, 115, 131, 132, 135, 138, 139, 140, 141, 145, 146, 147, 148, 149, 150], "summary": {"covered_lines": 21, "num_statements": 23, "percent_covered": 91.30434782608695, "percent_covered_display": "91", "missing_lines": 2, "excluded_lines": 0}, "missing_lines": [151, 152], "excluded_lines": []}, "compare": {"executed_lines": [157, 158, 160, 161, 163, 164, 165, 168, 169, 172, 181, 183, 188, 189, 190, 191, 192, 193, 195, 196, 197, 198, 199, 201], "summary": {"covered_lines": 24, "num_statements": 27, "percent_covered": 88.88888888888889, "percent_covered_display": "89", "missing_lines": 3, "excluded_lines": 0}, "missing_lines": [184, 185, 200], "excluded_lines": []}, "methodology": {"executed_lines": [207, 208, 210, 214, 216, 218, 219, 222, 223, 226, 227, 228, 229, 230], "summary": {"covered_lines": 14, "num_statements": 17, "percent_covered": 82.3529411764706, "percent_covered_display": "82", "missing_lines": 3, "excluded_lines": 0}, "missing_lines": [211, 212, 221], "excluded_lines": []}, "check": {"executed_lines": [235, 236, 238, 241, 242, 243, 244, 249, 250, 251, 252, 255, 258, 259, 260, 261, 262, 263, 265, 268, 269, 270, 271, 272, 273, 278, 279, 280, 281, 282], "summary": {"covered_lines": 30, "num_statements": 37, "percent_covered": 81.08108108108108, "percent_covered_display": "81", "missing_lines": 7, "excluded_lines": 0}, "missing_lines": [245, 246, 253, 264, 274, 275, 284], "excluded_lines": []}, "quickstart": {"executed_lines": [], "summary": {"covered_lines": 0, "num_statements": 0, "percent_covered": 100.0, "percent_covered_display": "100", "missing_lines": 0, "excluded_lines": 1}, "missing_lines": [], "excluded_lines": [289]}, "clean": {"executed_lines": [], "summary": {"covered_lines": 0, "num_statements": 10, "percent_covered": 0.0, "percent_covered_display": "0", "missing_lines": 10, "excluded_lines": 0}, "missing_lines": [355, 357, 359, 360, 361, 363, 364, 365, 366, 367], "excluded_lines": []}, "audit": {"executed_lines": [], "summary": {"covered_lines": 0, "num_statements": 24, "percent_covered": 0.0, "percent_covered_display": "0", "missing_lines": 24, "excluded_lines": 0}, "missing_lines": [372, 373, 375, 377, 378, 379, 380, 381, 382, 383, 386, 387, 390, 391, 393, 394, 395, 396, 397, 398, 399, 400, 401, 402], "excluded_lines": []}, "calibrate": {"executed_lines": [], "summary": {"covered_lines": 0, "num_statements": 64, "percent_covered": 0.0, "percent_covered_display": "0", "missing_lines": 64, "excluded_lines": 0}, "missing_lines": [410, 416, 417, 418, 419, 420, 421, 422, 423, 424, 425, 426, 427, 430, 431, 432, 433, 434, 435, 436, 437, 438, 439, 440, 441, 444, 445, 446, 447, 448, 449, 450, 451, 452, 453, 454, 455, 456, 457, 458, 459, 460, 461, 462, 463, 464, 465, 466, 468, 469, 470, 471, 472, 473, 475, 478, 479, 480, 481, 482, 483, 484, 485, 486], "excluded_lines": []}, "calibrate_status": {"executed_lines": [], "summary": {"covered_lines": 0, "num_statements": 23, "percent_covered": 0.0, "percent_covered_display": "0", "missing_lines": 23, "excluded_lines": 0}, "missing_lines": [491, 493, 496, 497, 498, 499, 500, 501, 502, 503, 504, 505, 507, 510, 511, 513, 514, 515, 516, 517, 518, 520, 522], "excluded_lines": []}, "config_cmd": {"executed_lines": [], "summary": {"covered_lines": 0, "num_statements": 65, "percent_covered": 0.0, "percent_covered_display": "0", "missing_lines": 65, "excluded_lines": 0}, "missing_lines": [533, 535, 538, 539, 540, 542, 543, 544, 545, 546, 547, 548, 549, 550, 552, 553, 554, 555, 556, 557, 558, 560, 561, 563, 565, 566, 569, 570, 571, 572, 573, 575, 576, 579, 580, 581, 582, 583, 584, 585, 586, 587, 588, 589, 590, 591, 592, 593, 594, 595, 596, 597, 600, 601, 603, 604, 607, 608, 609, 610, 611, 612, 614, 616, 617], "excluded_lines": []}, "report": {"executed_lines": [], "summary": {"covered_lines": 0, "num_statements": 81, "percent_covered": 0.0, "percent_covered_display": "0", "missing_lines": 81, "excluded_lines": 0}, "missing_lines": [622, 624, 631, 633, 634, 636, 637, 638, 639, 640, 641, 642, 643, 644, 646, 647, 648, 649, 650, 651, 654, 655, 656, 659, 660, 661, 662, 663, 664, 665, 668, 670, 671, 672, 675, 676, 678, 679, 681, 682, 683, 686, 687, 688, 689, 690, 691, 692, 693, 694, 697, 698, 699, 700, 701, 702, 703, 704, 705, 708, 709, 710, 711, 712, 713, 715, 718, 719, 720, 721, 727, 728, 729, 730, 731, 732, 733, 734, 735, 737, 738], "excluded_lines": []}, "status": {"executed_lines": [743, 746, 747, 749, 750, 752, 753, 756, 759, 760, 761, 762, 764, 765, 779, 783, 784, 787, 788, 789, 792, 793, 794, 804, 805, 806, 809, 810, 817, 818, 819, 821, 822, 823, 826, 827, 828, 829, 830, 831, 838, 840, 843, 846, 849, 850, 851, 853, 854, 861, 864, 867, 868, 875, 876], "summary": {"covered_lines": 55, "num_statements": 87, "percent_covered": 63.2183908045977, "percent_covered_display": "63", "missing_lines": 32, "excluded_lines": 0}, "missing_lines": [755, 766, 767, 769, 770, 771, 773, 774, 775, 777, 780, 781, 785, 795, 796, 797, 799, 800, 801, 802, 836, 839, 841, 844, 845, 855, 856, 857, 858, 859, 862, 863], "excluded_lines": []}, "dashboard": {"executed_lines": [881, 883, 884, 885, 886, 887, 890, 892, 893, 894, 896, 897, 898, 900, 904, 906, 907, 911, 912, 914, 915, 916, 917, 919, 920, 922, 923, 924, 928, 935, 936, 937, 939], "summary": {"covered_lines": 33, "num_statements": 44, "percent_covered": 75.0, "percent_covered_display": "75", "missing_lines": 11, "excluded_lines": 0}, "missing_lines": [889, 901, 902, 918, 925, 926, 929, 930, 931, 932, 933], "excluded_lines": []}, "registry_freeze": {"executed_lines": [944, 946, 947, 949, 950, 951, 952, 953, 955, 956], "summary": {"covered_lines": 10, "num_statements": 10, "percent_covered": 100.0, "percent_covered_display": "100", "missing_lines": 0, "excluded_lines": 0}, "missing_lines": [], "excluded_lines": []}, "main": {"executed_lines": [960, 961, 963, 966, 967, 970, 974, 978, 979, 984, 985, 989, 993, 997, 998, 1003, 1004, 1005, 1008, 1011, 1014, 1017, 1018, 1023, 1026, 1027, 1028, 1029, 1032, 1035, 1039, 1044, 1045, 1048, 1049, 1052, 1055, 1058, 1065, 1070, 1073, 1076, 1080, 1083, 1088, 1091, 1092, 1095, 1101, 1104, 1107, 1111, 1116, 1118, 1119, 1120, 1121, 1122, 1123, 1124, 1125, 1126, 1128, 1130, 1132, 1137, 1139, 1141, 1142, 1143, 1144, 1145, 1146, 1147, 1152], "summary": {"covered_lines": 75, "num_statements": 84, "percent_covered": 89.28571428571429, "percent_covered_display": "89", "missing_lines": 9, "excluded_lines": 0}, "missing_lines": [1127, 1129, 1131, 1133, 1134, 1136, 1138, 1140, 1150], "excluded_lines": []}, "": {"executed_lines": [1, 11, 13, 14, 15, 16, 17, 18, 19, 21, 24, 48, 73, 76, 86, 92, 155, 204, 233, 287, 353, 370, 405, 489, 525, 620, 741, 879, 942, 959, 1155], "summary": {"covered_lines": 30, "num_statements": 31, "percent_covered": 96.7741935483871, "percent_covered_display": "97", "missing_lines": 1, "excluded_lines": 0}, "missing_lines": [1156], "excluded_lines": []}}, "classes": {"": {"executed_lines": [1, 11, 13, 14, 15, 16, 17, 18, 19, 21, 24, 48, 73, 76, 86, 92, 94, 95, 98, 101, 105, 109, 114, 115, 131, 132, 135, 138, 139, 140, 141, 145, 146, 147, 148, 149, 150, 155, 157, 158, 160, 161, 163, 164, 165, 168, 169, 172, 181, 183, 188, 189, 190, 191, 192, 193, 195, 196, 197, 198, 199, 201, 204, 207, 208, 210, 214, 216, 218, 219, 222, 223, 226, 227, 228, 229, 230, 233, 235, 236, 238, 241, 242, 243, 244, 249, 250, 251, 252, 255, 258, 259, 260, 261, 262, 263, 265, 268, 269, 270, 271, 272, 273, 278, 279, 280, 281, 282, 287, 353, 370, 405, 489, 525, 620, 741, 743, 746, 747, 749, 750, 752, 753, 756, 759, 760, 761, 762, 764, 765, 779, 783, 784, 787, 788, 789, 792, 793, 794, 804, 805, 806, 809, 810, 817, 818, 819, 821, 822, 823, 826, 827, 828, 829, 830, 831, 838, 840, 843, 846, 849, 850, 851, 853, 854, 861, 864, 867, 868, 875, 876, 879, 881, 883, 884, 885, 886, 887, 890, 892, 893, 894, 896, 897, 898, 900, 904, 906, 907, 911, 912, 914, 915, 916, 917, 919, 920, 922, 923, 924, 928, 935, 936, 937, 939, 942, 944, 946, 947, 949, 950, 951, 952, 953, 955, 956, 959, 960, 961, 963, 966, 967, 970, 974, 978, 979, 984, 985, 989, 993, 997, 998, 1003, 1004, 1005, 1008, 1011, 1014, 1017, 1018, 1023, 1026, 1027, 1028, 1029, 1032, 1035, 1039, 1044, 1045, 1048, 1049, 1052, 1055, 1058, 1065, 1070, 1073, 1076, 1080, 1083, 1088, 1091, 1092, 1095, 1101, 1104, 1107, 1111, 1116, 1118, 1119, 1120, 1121, 1122, 1123, 1124, 1125, 1126, 1128, 1130, 1132, 1137, 1139, 1141, 1142, 1143, 1144, 1145, 1146, 1147, 1152, 1155], "summary": {"covered_lines": 292, "num_statements": 649, "percent_covered": 44.99229583975347, "percent_covered_display": "45", "missing_lines": 357, "excluded_lines": 1}, "missing_lines": [36, 37, 38, 39, 41, 42, 45, 60, 61, 62, 63, 65, 66, 69, 78, 79, 80, 81, 82, 83, 88, 89, 151, 152, 184, 185, 200, 211, 212, 221, 245, 246, 253, 264, 274, 275, 284, 355, 357, 359, 360, 361, 363, 364, 365, 366, 367, 372, 373, 375, 377, 378, 379, 380, 381, 382, 383, 386, 387, 390, 391, 393, 394, 395, 396, 397, 398, 399, 400, 401, 402, 410, 416, 417, 418, 419, 420, 421, 422, 423, 424, 425, 426, 427, 430, 431, 432, 433, 434, 435, 436, 437, 438, 439, 440, 441, 444, 445, 446, 447, 448, 449, 450, 451, 452, 453, 454, 455, 456, 457, 458, 459, 460, 461, 462, 463, 464, 465, 466, 468, 469, 470, 471, 472, 473, 475, 478, 479, 480, 481, 482, 483, 484, 485, 486, 491, 493, 496, 497, 498, 499, 500, 501, 502, 503, 504, 505, 507, 510, 511, 513, 514, 515, 516, 517, 518, 520, 522, 533, 535, 538, 539, 540, 542, 543, 544, 545, 546, 547, 548, 549, 550, 552, 553, 554, 555, 556, 557, 558, 560, 561, 563, 565, 566, 569, 570, 571, 572, 573, 575, 576, 579, 580, 581, 582, 583, 584, 585, 586, 587, 588, 589, 590, 591, 592, 593, 594, 595, 596, 597, 600, 601, 603, 604, 607, 608, 609, 610, 611, 612, 614, 616, 617, 622, 624, 631, 633, 634, 636, 637, 638, 639, 640, 641, 642, 643, 644, 646, 647, 648, 649, 650, 651, 654, 655, 656, 659, 660, 661, 662, 663, 664, 665, 668, 670, 671, 672, 675, 676, 678, 679, 681, 682, 683, 686, 687, 688, 689, 690, 691, 692, 693, 694, 697, 698, 699, 700, 701, 702, 703, 704, 705, 708, 709, 710, 711, 712, 713, 715, 718, 719, 720, 721, 727, 728, 729, 730, 731, 732, 733, 734, 735, 737, 738, 755, 766, 767, 769, 770, 771, 773, 774, 775, 777, 780, 781, 785, 795, 796, 797, 799, 800, 801, 802, 836, 839, 841, 844, 845, 855, 856, 857, 858, 859, 862, 863, 889, 901, 902, 918, 925, 926, 929, 930, 931, 932, 933, 1127, 1129, 1131, 1133, 1134, 1136, 1138, 1140, 1150, 1156], "excluded_lines": [289]}}}, "src/vetch/compat.py": {"executed_lines": [1, 9, 10, 13, 16, 17, 20, 21, 23, 24, 25, 26, 29, 35, 38, 40, 43, 50, 51, 52, 53, 54, 55, 56, 57, 60, 61, 63, 66, 68, 69, 70, 71, 74, 80, 81, 83, 84, 85, 87, 88, 89, 90, 93, 99, 100, 108, 109, 112, 118, 124, 130, 133, 138, 141, 146, 149, 155, 157, 158, 159, 160, 161, 162, 165, 166, 168], "summary": {"covered_lines": 65, "num_statements": 70, "percent_covered": 92.85714285714286, "percent_covered_display": "93", "missing_lines": 5, "excluded_lines": 0}, "missing_lines": [102, 103, 104, 106, 107], "excluded_lines": [], "functions": {"check_python_version": {"executed_lines": [35], "summary": {"covered_lines": 1, "num_statements": 1, "percent_covered": 100.0, "percent_covered_display": "100", "missing_lines": 0, "excluded_lines": 0}, "missing_lines": [], "excluded_lines": []}, "get_python_version": {"executed_lines": [40], "summary": {"covered_lines": 1, "num_statements": 1, "percent_covered": 100.0, "percent_covered_display": "100", "missing_lines": 0, "excluded_lines": 0}, "missing_lines": [], "excluded_lines": []}, "parse_version": {"executed_lines": [50, 51, 52, 53, 54, 55, 56, 57, 60, 61, 63], "summary": {"covered_lines": 11, "num_statements": 11, "percent_covered": 100.0, "percent_covered_display": "100", "missing_lines": 0, "excluded_lines": 0}, "missing_lines": [], "excluded_lines": []}, "version_in_range": {"executed_lines": [68, 69, 70, 71], "summary": {"covered_lines": 4, "num_statements": 4, "percent_covered": 100.0, "percent_covered_display": "100", "missing_lines": 0, "excluded_lines": 0}, "missing_lines": [], "excluded_lines": []}, "get_openai_version": {"executed_lines": [80, 81, 83, 84, 85, 87, 88, 89, 90], "summary": {"covered_lines": 9, "num_statements": 9, "percent_covered": 100.0, "percent_covered_display": "100", "missing_lines": 0, "excluded_lines": 0}, "missing_lines": [], "excluded_lines": []}, "get_vertexai_version": {"executed_lines": [99, 100, 108, 109], "summary": {"covered_lines": 4, "num_statements": 9, "percent_covered": 44.44444444444444, "percent_covered_display": "44", "missing_lines": 5, "excluded_lines": 0}, "missing_lines": [102, 103, 104, 106, 107], "excluded_lines": []}, "get_all_sdk_versions": {"executed_lines": [118], "summary": {"covered_lines": 1, "num_statements": 1, "percent_covered": 100.0, "percent_covered_display": "100", "missing_lines": 0, "excluded_lines": 0}, "missing_lines": [], "excluded_lines": []}, "is_datadog_patched": {"executed_lines": [130], "summary": {"covered_lines": 1, "num_statements": 1, "percent_covered": 100.0, "percent_covered_display": "100", "missing_lines": 0, "excluded_lines": 0}, "missing_lines": [], "excluded_lines": []}, "is_opentelemetry_patched": {"executed_lines": [138], "summary": {"covered_lines": 1, "num_statements": 1, "percent_covered": 100.0, "percent_covered_display": "100", "missing_lines": 0, "excluded_lines": 0}, "missing_lines": [], "excluded_lines": []}, "is_sentry_patched": {"executed_lines": [146], "summary": {"covered_lines": 1, "num_statements": 1, "percent_covered": 100.0, "percent_covered_display": "100", "missing_lines": 0, "excluded_lines": 0}, "missing_lines": [], "excluded_lines": []}, "detect_existing_patches": {"executed_lines": [155, 157, 158, 159, 160, 161, 162, 165, 166, 168], "summary": {"covered_lines": 10, "num_statements": 10, "percent_covered": 100.0, "percent_covered_display": "100", "missing_lines": 0, "excluded_lines": 0}, "missing_lines": [], "excluded_lines": []}, "": {"executed_lines": [1, 9, 10, 13, 16, 17, 20, 21, 23, 24, 25, 26, 29, 38, 43, 66, 74, 93, 112, 124, 133, 141, 149], "summary": {"covered_lines": 21, "num_statements": 21, "percent_covered": 100.0, "percent_covered_display": "100", "missing_lines": 0, "excluded_lines": 0}, "missing_lines": [], "excluded_lines": []}}, "classes": {"VersionInfo": {"executed_lines": [], "summary": {"covered_lines": 0, "num_statements": 0, "percent_covered": 100.0, "percent_covered_display": "100", "missing_lines": 0, "excluded_lines": 0}, "missing_lines": [], "excluded_lines": []}, "": {"executed_lines": [1, 9, 10, 13, 16, 17, 20, 21, 23, 24, 25, 26, 29, 35, 38, 40, 43, 50, 51, 52, 53, 54, 55, 56, 57, 60, 61, 63, 66, 68, 69, 70, 71, 74, 80, 81, 83, 84, 85, 87, 88, 89, 90, 93, 99, 100, 108, 109, 112, 118, 124, 130, 133, 138, 141, 146, 149, 155, 157, 158, 159, 160, 161, 162, 165, 166, 168], "summary": {"covered_lines": 65, "num_statements": 70, "percent_covered": 92.85714285714286, "percent_covered_display": "93", "missing_lines": 5, "excluded_lines": 0}, "missing_lines": [102, 103, 104, 106, 107], "excluded_lines": []}}}, "src/vetch/config.py": {"executed_lines": [1, 9, 11, 12, 13, 14, 15, 16, 17, 18, 19, 21, 24, 25, 27, 28, 32, 33, 34, 35, 36, 37, 38, 41, 42, 43, 44, 48, 49, 51, 52, 53, 56, 57, 60, 67, 70, 72, 75, 85, 88, 90, 93, 99, 100, 102, 103, 104, 107, 117, 119, 122, 127, 146, 151, 167, 178, 181, 186, 213, 227, 230, 235, 289, 360, 394, 413, 417, 419, 422, 424, 459, 460, 461, 463, 466, 493, 495, 496, 498, 499, 502, 503, 506, 507, 508, 509, 511, 512, 514, 515, 516, 526, 527, 530, 532, 533, 534, 535, 538, 539, 543, 547, 548, 553, 554, 555, 557, 561, 562, 563, 566, 567, 575, 576, 584, 589, 590, 591, 594, 597, 598, 599, 602, 603, 607, 610, 617, 618, 619, 620, 621, 622, 623, 624, 625, 626, 627, 628, 629], "summary": {"covered_lines": 138, "num_statements": 242, "percent_covered": 57.02479338842975, "percent_covered_display": "57", "missing_lines": 104, "excluded_lines": 0}, "missing_lines": [118, 124, 141, 142, 143, 148, 160, 183, 195, 196, 198, 199, 201, 202, 203, 205, 210, 232, 249, 250, 252, 256, 257, 258, 262, 263, 264, 265, 266, 267, 272, 274, 275, 276, 280, 281, 282, 284, 286, 300, 301, 303, 307, 308, 310, 312, 313, 318, 319, 320, 322, 323, 326, 327, 328, 329, 332, 333, 337, 340, 341, 345, 348, 350, 353, 354, 355, 357, 367, 368, 369, 372, 373, 374, 376, 377, 378, 379, 380, 383, 384, 385, 386, 387, 390, 391, 414, 425, 428, 429, 430, 431, 432, 442, 443, 448, 450, 451, 452, 456, 558, 586, 604, 605], "excluded_lines": [], "functions": {"add_global_tags": {"executed_lines": [67], "summary": {"covered_lines": 1, "num_statements": 1, "percent_covered": 100.0, "percent_covered_display": "100", "missing_lines": 0, "excluded_lines": 0}, "missing_lines": [], "excluded_lines": []}, "get_global_tags": {"executed_lines": [72], "summary": {"covered_lines": 1, "num_statements": 1, "percent_covered": 100.0, "percent_covered_display": "100", "missing_lines": 0, "excluded_lines": 0}, "missing_lines": [], "excluded_lines": []}, "require_tags": {"executed_lines": [85], "summary": {"covered_lines": 1, "num_statements": 1, "percent_covered": 100.0, "percent_covered_display": "100", "missing_lines": 0, "excluded_lines": 0}, "missing_lines": [], "excluded_lines": []}, "get_required_tags": {"executed_lines": [90], "summary": {"covered_lines": 1, "num_statements": 1, "percent_covered": 100.0, "percent_covered_display": "100", "missing_lines": 0, "excluded_lines": 0}, "missing_lines": [], "excluded_lines": []}, "validate_tags": {"executed_lines": [99, 100, 102, 103, 104], "summary": {"covered_lines": 5, "num_statements": 5, "percent_covered": 100.0, "percent_covered_display": "100", "missing_lines": 0, "excluded_lines": 0}, "missing_lines": [], "excluded_lines": []}, "set_tag_cardinality_limit": {"executed_lines": [117, 119], "summary": {"covered_lines": 2, "num_statements": 3, "percent_covered": 66.66666666666667, "percent_covered_display": "67", "missing_lines": 1, "excluded_lines": 0}, "missing_lines": [118], "excluded_lines": []}, "get_tag_cardinality_limit": {"executed_lines": [], "summary": {"covered_lines": 0, "num_statements": 1, "percent_covered": 0.0, "percent_covered_display": "0", "missing_lines": 1, "excluded_lines": 0}, "missing_lines": [124], "excluded_lines": []}, "set_global_tag_combination_limit": {"executed_lines": [], "summary": {"covered_lines": 0, "num_statements": 3, "percent_covered": 0.0, "percent_covered_display": "0", "missing_lines": 3, "excluded_lines": 0}, "missing_lines": [141, 142, 143], "excluded_lines": []}, "get_global_tag_combination_limit": {"executed_lines": [], "summary": {"covered_lines": 0, "num_statements": 1, "percent_covered": 0.0, "percent_covered_display": "0", "missing_lines": 1, "excluded_lines": 0}, "missing_lines": [148], "excluded_lines": []}, "get_tag_combination_stats": {"executed_lines": [], "summary": {"covered_lines": 0, "num_statements": 1, "percent_covered": 0.0, "percent_covered_display": "0", "missing_lines": 1, "excluded_lines": 0}, "missing_lines": [160], "excluded_lines": []}, "set_tag_allowlist": {"executed_lines": [178], "summary": {"covered_lines": 1, "num_statements": 1, "percent_covered": 100.0, "percent_covered_display": "100", "missing_lines": 0, "excluded_lines": 0}, "missing_lines": [], "excluded_lines": []}, "get_tag_allowlist": {"executed_lines": [], "summary": {"covered_lines": 0, "num_statements": 1, "percent_covered": 0.0, "percent_covered_display": "0", "missing_lines": 1, "excluded_lines": 0}, "missing_lines": [183], "excluded_lines": []}, "filter_tags_by_allowlist": {"executed_lines": [], "summary": {"covered_lines": 0, "num_statements": 9, "percent_covered": 0.0, "percent_covered_display": "0", "missing_lines": 9, "excluded_lines": 0}, "missing_lines": [195, 196, 198, 199, 201, 202, 203, 205, 210], "excluded_lines": []}, "set_redacted_tags": {"executed_lines": [227], "summary": {"covered_lines": 1, "num_statements": 1, "percent_covered": 100.0, "percent_covered_display": "100", "missing_lines": 0, "excluded_lines": 0}, "missing_lines": [], "excluded_lines": []}, "get_redacted_tags": {"executed_lines": [], "summary": {"covered_lines": 0, "num_statements": 1, "percent_covered": 0.0, "percent_covered_display": "0", "missing_lines": 1, "excluded_lines": 0}, "missing_lines": [232], "excluded_lines": []}, "redact_tags": {"executed_lines": [], "summary": {"covered_lines": 0, "num_statements": 21, "percent_covered": 0.0, "percent_covered_display": "0", "missing_lines": 21, "excluded_lines": 0}, "missing_lines": [249, 250, 252, 256, 257, 258, 262, 263, 264, 265, 266, 267, 272, 274, 275, 276, 280, 281, 282, 284, 286], "excluded_lines": []}, "check_tag_cardinality": {"executed_lines": [], "summary": {"covered_lines": 0, "num_statements": 29, "percent_covered": 0.0, "percent_covered_display": "0", "missing_lines": 29, "excluded_lines": 0}, "missing_lines": [300, 301, 303, 307, 308, 310, 312, 313, 318, 319, 320, 322, 323, 326, 327, 328, 329, 332, 333, 337, 340, 341, 345, 348, 350, 353, 354, 355, 357], "excluded_lines": []}, "_evict_oldest_global_entry": {"executed_lines": [], "summary": {"covered_lines": 0, "num_statements": 18, "percent_covered": 0.0, "percent_covered_display": "0", "missing_lines": 18, "excluded_lines": 0}, "missing_lines": [367, 368, 369, 372, 373, 374, 376, 377, 378, 379, 380, 383, 384, 385, 386, 387, 390, 391], "excluded_lines": []}, "check_global_tag_combination_limit": {"executed_lines": [413, 417, 419, 422, 424, 459, 460, 461, 463], "summary": {"covered_lines": 9, "num_statements": 23, "percent_covered": 39.130434782608695, "percent_covered_display": "39", "missing_lines": 14, "excluded_lines": 0}, "missing_lines": [414, 425, 428, 429, 430, 431, 432, 442, 443, 448, 450, 451, 452, 456], "excluded_lines": []}, "process_tags_single_pass": {"executed_lines": [493, 495, 496, 498, 499, 502, 503, 506, 507, 508, 509, 511, 512, 514, 515, 516, 526, 527, 530, 532, 533, 534, 535, 538, 539, 543, 547, 548, 553, 554, 555, 557, 561, 562, 563, 566, 567, 575, 576, 584, 589, 590, 591, 594, 597, 598, 599, 602, 603, 607], "summary": {"covered_lines": 50, "num_statements": 54, "percent_covered": 92.5925925925926, "percent_covered_display": "93", "missing_lines": 4, "excluded_lines": 0}, "missing_lines": [558, 586, 604, 605], "excluded_lines": []}, "_reset_config": {"executed_lines": [617, 618, 619, 620, 621, 622, 623, 624, 625, 626, 627, 628, 629], "summary": {"covered_lines": 13, "num_statements": 13, "percent_covered": 100.0, "percent_covered_display": "100", "missing_lines": 0, "excluded_lines": 0}, "missing_lines": [], "excluded_lines": []}, "": {"executed_lines": [1, 9, 11, 12, 13, 14, 15, 16, 17, 18, 19, 21, 24, 25, 27, 28, 32, 33, 34, 35, 36, 37, 38, 41, 42, 43, 44, 48, 49, 51, 52, 53, 56, 57, 60, 70, 75, 88, 93, 107, 122, 127, 146, 151, 167, 181, 186, 213, 230, 235, 289, 360, 394, 466, 610], "summary": {"covered_lines": 53, "num_statements": 53, "percent_covered": 100.0, "percent_covered_display": "100", "missing_lines": 0, "excluded_lines": 0}, "missing_lines": [], "excluded_lines": []}}, "classes": {"_TagCardinalityTracker": {"executed_lines": [], "summary": {"covered_lines": 0, "num_statements": 0, "percent_covered": 100.0, "percent_covered_display": "100", "missing_lines": 0, "excluded_lines": 0}, "missing_lines": [], "excluded_lines": []}, "": {"executed_lines": [1, 9, 11, 12, 13, 14, 15, 16, 17, 18, 19, 21, 24, 25, 27, 28, 32, 33, 34, 35, 36, 37, 38, 41, 42, 43, 44, 48, 49, 51, 52, 53, 56, 57, 60, 67, 70, 72, 75, 85, 88, 90, 93, 99, 100, 102, 103, 104, 107, 117, 119, 122, 127, 146, 151, 167, 178, 181, 186, 213, 227, 230, 235, 289, 360, 394, 413, 417, 419, 422, 424, 459, 460, 461, 463, 466, 493, 495, 496, 498, 499, 502, 503, 506, 507, 508, 509, 511, 512, 514, 515, 516, 526, 527, 530, 532, 533, 534, 535, 538, 539, 543, 547, 548, 553, 554, 555, 557, 561, 562, 563, 566, 567, 575, 576, 584, 589, 590, 591, 594, 597, 598, 599, 602, 603, 607, 610, 617, 618, 619, 620, 621, 622, 623, 624, 625, 626, 627, 628, 629], "summary": {"covered_lines": 138, "num_statements": 242, "percent_covered": 57.02479338842975, "percent_covered_display": "57", "missing_lines": 104, "excluded_lines": 0}, "missing_lines": [118, 124, 141, 142, 143, 148, 160, 183, 195, 196, 198, 199, 201, 202, 203, 205, 210, 232, 249, 250, 252, 256, 257, 258, 262, 263, 264, 265, 266, 267, 272, 274, 275, 276, 280, 281, 282, 284, 286, 300, 301, 303, 307, 308, 310, 312, 313, 318, 319, 320, 322, 323, 326, 327, 328, 329, 332, 333, 337, 340, 341, 345, 348, 350, 353, 354, 355, 357, 367, 368, 369, 372, 373, 374, 376, 377, 378, 379, 380, 383, 384, 385, 386, 387, 390, 391, 414, 425, 428, 429, 430, 431, 432, 442, 443, 448, 450, 451, 452, 456, 558, 586, 604, 605], "excluded_lines": []}}}, "src/vetch/context.py": {"executed_lines": [1, 11, 13, 14, 15, 17, 21, 26, 27, 28, 34, 35, 36, 37, 38, 39, 40, 41, 42, 43, 45, 46, 49, 50, 51, 57, 58, 59, 60, 63, 64, 67, 69, 72, 75, 76, 79, 80, 81, 82, 83, 86, 87, 89, 96, 97, 98, 100, 131, 147, 153, 156, 162], "summary": {"covered_lines": 49, "num_statements": 49, "percent_covered": 100.0, "percent_covered_display": "100", "missing_lines": 0, "excluded_lines": 2}, "missing_lines": [], "excluded_lines": [17, 18], "functions": {"TrackingContext.__enter__": {"executed_lines": [72, 75, 76, 79, 80, 81, 82, 83, 86, 87], "summary": {"covered_lines": 10, "num_statements": 10, "percent_covered": 100.0, "percent_covered_display": "100", "missing_lines": 0, "excluded_lines": 0}, "missing_lines": [], "excluded_lines": []}, "TrackingContext.__exit__": {"executed_lines": [96, 97, 98], "summary": {"covered_lines": 3, "num_statements": 3, "percent_covered": 100.0, "percent_covered_display": "100", "missing_lines": 0, "excluded_lines": 0}, "missing_lines": [], "excluded_lines": []}, "TrackingContext.capture": {"executed_lines": [131], "summary": {"covered_lines": 1, "num_statements": 1, "percent_covered": 100.0, "percent_covered_display": "100", "missing_lines": 0, "excluded_lines": 0}, "missing_lines": [], "excluded_lines": []}, "get_active_context": {"executed_lines": [153], "summary": {"covered_lines": 1, "num_statements": 1, "percent_covered": 100.0, "percent_covered_display": "100", "missing_lines": 0, "excluded_lines": 0}, "missing_lines": [], "excluded_lines": []}, "has_active_context": {"executed_lines": [162], "summary": {"covered_lines": 1, "num_statements": 1, "percent_covered": 100.0, "percent_covered_display": "100", "missing_lines": 0, "excluded_lines": 0}, "missing_lines": [], "excluded_lines": []}, "": {"executed_lines": [1, 11, 13, 14, 15, 17, 21, 26, 27, 28, 34, 35, 36, 37, 38, 39, 40, 41, 42, 43, 45, 46, 49, 50, 51, 57, 58, 59, 60, 63, 64, 67, 69, 89, 100, 147, 156], "summary": {"covered_lines": 33, "num_statements": 33, "percent_covered": 100.0, "percent_covered_display": "100", "missing_lines": 0, "excluded_lines": 2}, "missing_lines": [], "excluded_lines": [17, 18]}}, "classes": {"CapturedCall": {"executed_lines": [], "summary": {"covered_lines": 0, "num_statements": 0, "percent_covered": 100.0, "percent_covered_display": "100", "missing_lines": 0, "excluded_lines": 0}, "missing_lines": [], "excluded_lines": []}, "TrackingContext": {"executed_lines": [72, 75, 76, 79, 80, 81, 82, 83, 86, 87, 96, 97, 98, 131], "summary": {"covered_lines": 14, "num_statements": 14, "percent_covered": 100.0, "percent_covered_display": "100", "missing_lines": 0, "excluded_lines": 0}, "missing_lines": [], "excluded_lines": []}, "": {"executed_lines": [1, 11, 13, 14, 15, 17, 21, 26, 27, 28, 34, 35, 36, 37, 38, 39, 40, 41, 42, 43, 45, 46, 49, 50, 51, 57, 58, 59, 60, 63, 64, 67, 69, 89, 100, 147, 153, 156, 162], "summary": {"covered_lines": 35, "num_statements": 35, "percent_covered": 100.0, "percent_covered_display": "100", "missing_lines": 0, "excluded_lines": 2}, "missing_lines": [], "excluded_lines": [17, 18]}}}, "src/vetch/emitter.py": {"executed_lines": [1, 9, 11, 12, 13, 14, 15, 16, 17, 19, 23, 24, 26, 29, 36, 38, 39, 42, 43, 44, 46, 47, 48, 50, 51, 52, 53, 54, 57, 58, 59, 60, 63, 67, 68, 69, 72, 73, 75, 77, 78, 79, 80, 84, 85, 86, 87, 90, 91, 92, 94, 95, 99, 100, 101, 102, 104, 106, 107, 108, 109, 110, 112, 113, 114, 115, 118, 119, 125, 126, 127, 128, 129, 130, 131, 132, 134, 136, 137, 138, 143, 145, 147, 148, 150, 151, 152, 153, 156, 157, 158, 164, 166, 168, 170, 171, 172, 174, 176, 177, 179, 180, 182, 187, 200, 203, 213, 214, 217, 223, 224, 227, 228, 233, 235, 237, 243, 245, 247, 249, 251, 255, 258, 265, 268, 274, 277, 285, 286, 288], "summary": {"covered_lines": 126, "num_statements": 138, "percent_covered": 91.30434782608695, "percent_covered_display": "91", "missing_lines": 12, "excluded_lines": 2}, "missing_lines": [154, 165, 183, 185, 189, 190, 191, 192, 193, 194, 195, 196], "excluded_lines": [19, 20], "functions": {"_configure_logging": {"executed_lines": [36, 38, 39, 42, 43, 44, 46, 47, 50, 51, 52, 53, 54, 57, 58, 59, 60, 63, 67, 68, 69, 72, 73, 75, 77, 78, 79, 80, 84, 85, 86, 87, 90, 91, 92, 94, 95, 99, 100, 101, 102, 104, 106, 107, 108, 109, 110, 112, 113, 114, 115], "summary": {"covered_lines": 51, "num_statements": 51, "percent_covered": 100.0, "percent_covered_display": "100", "missing_lines": 0, "excluded_lines": 0}, "missing_lines": [], "excluded_lines": []}, "_configure_logging.JsonFormatter.format": {"executed_lines": [48], "summary": {"covered_lines": 1, "num_statements": 1, "percent_covered": 100.0, "percent_covered_display": "100", "missing_lines": 0, "excluded_lines": 0}, "missing_lines": [], "excluded_lines": []}, "HttpHandler.__init__": {"executed_lines": [126, 127, 128, 129, 130, 131, 132], "summary": {"covered_lines": 7, "num_statements": 7, "percent_covered": 100.0, "percent_covered_display": "100", "missing_lines": 0, "excluded_lines": 0}, "missing_lines": [], "excluded_lines": []}, "HttpHandler._start_worker": {"executed_lines": [136, 137, 138, 143], "summary": {"covered_lines": 4, "num_statements": 4, "percent_covered": 100.0, "percent_covered_display": "100", "missing_lines": 0, "excluded_lines": 0}, "missing_lines": [], "excluded_lines": []}, "HttpHandler._worker": {"executed_lines": [147, 148, 150, 151, 152, 153, 156, 157, 158, 164, 166, 168, 170, 171, 172], "summary": {"covered_lines": 15, "num_statements": 17, "percent_covered": 88.23529411764706, "percent_covered_display": "88", "missing_lines": 2, "excluded_lines": 0}, "missing_lines": [154, 165], "excluded_lines": []}, "HttpHandler.emit": {"executed_lines": [176, 177, 179, 180, 182], "summary": {"covered_lines": 5, "num_statements": 7, "percent_covered": 71.42857142857143, "percent_covered_display": "71", "missing_lines": 2, "excluded_lines": 0}, "missing_lines": [183, 185], "excluded_lines": []}, "HttpHandler.close": {"executed_lines": [], "summary": {"covered_lines": 0, "num_statements": 8, "percent_covered": 0.0, "percent_covered_display": "0", "missing_lines": 8, "excluded_lines": 0}, "missing_lines": [189, 190, 191, 192, 193, 194, 195, 196], "excluded_lines": []}, "serialize_event": {"executed_lines": [213, 214], "summary": {"covered_lines": 2, "num_statements": 2, "percent_covered": 100.0, "percent_covered_display": "100", "missing_lines": 0, "excluded_lines": 0}, "missing_lines": [], "excluded_lines": []}, "emit": {"executed_lines": [223, 224], "summary": {"covered_lines": 2, "num_statements": 2, "percent_covered": 100.0, "percent_covered_display": "100", "missing_lines": 0, "excluded_lines": 0}, "missing_lines": [], "excluded_lines": []}, "BufferedEmitter.__init__": {"executed_lines": [235], "summary": {"covered_lines": 1, "num_statements": 1, "percent_covered": 100.0, "percent_covered_display": "100", "missing_lines": 0, "excluded_lines": 0}, "missing_lines": [], "excluded_lines": []}, "BufferedEmitter.emit": {"executed_lines": [243], "summary": {"covered_lines": 1, "num_statements": 1, "percent_covered": 100.0, "percent_covered_display": "100", "missing_lines": 0, "excluded_lines": 0}, "missing_lines": [], "excluded_lines": []}, "BufferedEmitter.clear": {"executed_lines": [247], "summary": {"covered_lines": 1, "num_statements": 1, "percent_covered": 100.0, "percent_covered_display": "100", "missing_lines": 0, "excluded_lines": 0}, "missing_lines": [], "excluded_lines": []}, "BufferedEmitter.__len__": {"executed_lines": [251], "summary": {"covered_lines": 1, "num_statements": 1, "percent_covered": 100.0, "percent_covered_display": "100", "missing_lines": 0, "excluded_lines": 0}, "missing_lines": [], "excluded_lines": []}, "set_test_emitter": {"executed_lines": [265], "summary": {"covered_lines": 1, "num_statements": 1, "percent_covered": 100.0, "percent_covered_display": "100", "missing_lines": 0, "excluded_lines": 0}, "missing_lines": [], "excluded_lines": []}, "get_test_emitter": {"executed_lines": [274], "summary": {"covered_lines": 1, "num_statements": 1, "percent_covered": 100.0, "percent_covered_display": "100", "missing_lines": 0, "excluded_lines": 0}, "missing_lines": [], "excluded_lines": []}, "emit_event": {"executed_lines": [285, 286, 288], "summary": {"covered_lines": 3, "num_statements": 3, "percent_covered": 100.0, "percent_covered_display": "100", "missing_lines": 0, "excluded_lines": 0}, "missing_lines": [], "excluded_lines": []}, "": {"executed_lines": [1, 9, 11, 12, 13, 14, 15, 16, 17, 19, 23, 24, 26, 29, 118, 119, 125, 134, 145, 174, 187, 200, 203, 217, 227, 228, 233, 237, 245, 249, 255, 258, 268, 277], "summary": {"covered_lines": 30, "num_statements": 30, "percent_covered": 100.0, "percent_covered_display": "100", "missing_lines": 0, "excluded_lines": 2}, "missing_lines": [], "excluded_lines": [19, 20]}}, "classes": {"_configure_logging.JsonFormatter": {"executed_lines": [48], "summary": {"covered_lines": 1, "num_statements": 1, "percent_covered": 100.0, "percent_covered_display": "100", "missing_lines": 0, "excluded_lines": 0}, "missing_lines": [], "excluded_lines": []}, "HttpHandler": {"executed_lines": [126, 127, 128, 129, 130, 131, 132, 136, 137, 138, 143, 147, 148, 150, 151, 152, 153, 156, 157, 158, 164, 166, 168, 170, 171, 172, 176, 177, 179, 180, 182], "summary": {"covered_lines": 31, "num_statements": 43, "percent_covered": 72.09302325581395, "percent_covered_display": "72", "missing_lines": 12, "excluded_lines": 0}, "missing_lines": [154, 165, 183, 185, 189, 190, 191, 192, 193, 194, 195, 196], "excluded_lines": []}, "BufferedEmitter": {"executed_lines": [235, 243, 247, 251], "summary": {"covered_lines": 4, "num_statements": 4, "percent_covered": 100.0, "percent_covered_display": "100", "missing_lines": 0, "excluded_lines": 0}, "missing_lines": [], "excluded_lines": []}, "": {"executed_lines": [1, 9, 11, 12, 13, 14, 15, 16, 17, 19, 23, 24, 26, 29, 36, 38, 39, 42, 43, 44, 46, 47, 50, 51, 52, 53, 54, 57, 58, 59, 60, 63, 67, 68, 69, 72, 73, 75, 77, 78, 79, 80, 84, 85, 86, 87, 90, 91, 92, 94, 95, 99, 100, 101, 102, 104, 106, 107, 108, 109, 110, 112, 113, 114, 115, 118, 119, 125, 134, 145, 174, 187, 200, 203, 213, 214, 217, 223, 224, 227, 228, 233, 237, 245, 249, 255, 258, 265, 268, 274, 277, 285, 286, 288], "summary": {"covered_lines": 90, "num_statements": 90, "percent_covered": 100.0, "percent_covered_display": "100", "missing_lines": 0, "excluded_lines": 2}, "missing_lines": [], "excluded_lines": [19, 20]}}}, "src/vetch/exceptions.py": {"executed_lines": [1, 11, 14, 15, 21, 24, 25, 33, 34, 35, 38, 39, 47, 48, 49, 52, 53, 61, 62, 63, 66, 67, 75, 76, 77, 80, 81, 89, 90, 91], "summary": {"covered_lines": 23, "num_statements": 23, "percent_covered": 100.0, "percent_covered_display": "100", "missing_lines": 0, "excluded_lines": 0}, "missing_lines": [], "excluded_lines": [], "functions": {"RegistryError.__init__": {"executed_lines": [34, 35], "summary": {"covered_lines": 2, "num_statements": 2, "percent_covered": 100.0, "percent_covered_display": "100", "missing_lines": 0, "excluded_lines": 0}, "missing_lines": [], "excluded_lines": []}, "ProviderError.__init__": {"executed_lines": [48, 49], "summary": {"covered_lines": 2, "num_statements": 2, "percent_covered": 100.0, "percent_covered_display": "100", "missing_lines": 0, "excluded_lines": 0}, "missing_lines": [], "excluded_lines": []}, "ConfigurationError.__init__": {"executed_lines": [62, 63], "summary": {"covered_lines": 2, "num_statements": 2, "percent_covered": 100.0, "percent_covered_display": "100", "missing_lines": 0, "excluded_lines": 0}, "missing_lines": [], "excluded_lines": []}, "CalibrationError.__init__": {"executed_lines": [76, 77], "summary": {"covered_lines": 2, "num_statements": 2, "percent_covered": 100.0, "percent_covered_display": "100", "missing_lines": 0, "excluded_lines": 0}, "missing_lines": [], "excluded_lines": []}, "StorageError.__init__": {"executed_lines": [90, 91], "summary": {"covered_lines": 2, "num_statements": 2, "percent_covered": 100.0, "percent_covered_display": "100", "missing_lines": 0, "excluded_lines": 0}, "missing_lines": [], "excluded_lines": []}, "": {"executed_lines": [1, 11, 14, 15, 21, 24, 25, 33, 38, 39, 47, 52, 53, 61, 66, 67, 75, 80, 81, 89], "summary": {"covered_lines": 13, "num_statements": 13, "percent_covered": 100.0, "percent_covered_display": "100", "missing_lines": 0, "excluded_lines": 0}, "missing_lines": [], "excluded_lines": []}}, "classes": {"VetchError": {"executed_lines": [], "summary": {"covered_lines": 0, "num_statements": 0, "percent_covered": 100.0, "percent_covered_display": "100", "missing_lines": 0, "excluded_lines": 0}, "missing_lines": [], "excluded_lines": []}, "RegistryError": {"executed_lines": [34, 35], "summary": {"covered_lines": 2, "num_statements": 2, "percent_covered": 100.0, "percent_covered_display": "100", "missing_lines": 0, "excluded_lines": 0}, "missing_lines": [], "excluded_lines": []}, "ProviderError": {"executed_lines": [48, 49], "summary": {"covered_lines": 2, "num_statements": 2, "percent_covered": 100.0, "percent_covered_display": "100", "missing_lines": 0, "excluded_lines": 0}, "missing_lines": [], "excluded_lines": []}, "ConfigurationError": {"executed_lines": [62, 63], "summary": {"covered_lines": 2, "num_statements": 2, "percent_covered": 100.0, "percent_covered_display": "100", "missing_lines": 0, "excluded_lines": 0}, "missing_lines": [], "excluded_lines": []}, "CalibrationError": {"executed_lines": [76, 77], "summary": {"covered_lines": 2, "num_statements": 2, "percent_covered": 100.0, "percent_covered_display": "100", "missing_lines": 0, "excluded_lines": 0}, "missing_lines": [], "excluded_lines": []}, "StorageError": {"executed_lines": [90, 91], "summary": {"covered_lines": 2, "num_statements": 2, "percent_covered": 100.0, "percent_covered_display": "100", "missing_lines": 0, "excluded_lines": 0}, "missing_lines": [], "excluded_lines": []}, "": {"executed_lines": [1, 11, 14, 15, 21, 24, 25, 33, 38, 39, 47, 52, 53, 61, 66, 67, 75, 80, 81, 89], "summary": {"covered_lines": 13, "num_statements": 13, "percent_covered": 100.0, "percent_covered_display": "100", "missing_lines": 0, "excluded_lines": 0}, "missing_lines": [], "excluded_lines": []}}}, "src/vetch/exporters/__init__.py": {"executed_lines": [1, 13, 15], "summary": {"covered_lines": 2, "num_statements": 2, "percent_covered": 100.0, "percent_covered_display": "100", "missing_lines": 0, "excluded_lines": 0}, "missing_lines": [], "excluded_lines": [], "functions": {"": {"executed_lines": [1, 13, 15], "summary": {"covered_lines": 2, "num_statements": 2, "percent_covered": 100.0, "percent_covered_display": "100", "missing_lines": 0, "excluded_lines": 0}, "missing_lines": [], "excluded_lines": []}}, "classes": {"": {"executed_lines": [1, 13, 15], "summary": {"covered_lines": 2, "num_statements": 2, "percent_covered": 100.0, "percent_covered_display": "100", "missing_lines": 0, "excluded_lines": 0}, "missing_lines": [], "excluded_lines": []}}}, "src/vetch/exporters/opentelemetry.py": {"executed_lines": [1, 44, 46, 47, 49, 52, 55, 58, 80, 81, 84, 90, 93, 157, 158, 159, 168, 169, 172, 175, 176, 180, 186, 189, 192, 193, 196, 197, 206, 207, 208, 210, 212, 214, 218, 219, 223, 224, 227, 228, 232, 233, 237, 238, 242, 243
[...]
"percent_covered_display": "100", "missing_lines": 0, "excluded_lines": 0}, "missing_lines": [], "excluded_lines": []}, "UsageSummary.__init__": {"executed_lines": [190, 191, 192, 193, 194, 195, 196, 197, 198, 199], "summary": {"covered_lines": 10, "num_statements": 10, "percent_covered": 100.0, "percent_covered_display": "100", "missing_lines": 0, "excluded_lines": 0}, "missing_lines": [], "excluded_lines": []}, "UsageSummary.to_dict": {"executed_lines": [202], "summary": {"covered_lines": 1, "num_statements": 1, "percent_covered": 100.0, "percent_covered_display": "100", "missing_lines": 0, "excluded_lines": 0}, "missing_lines": [], "excluded_lines": []}, "query_usage": {"executed_lines": [228, 229, 233, 237, 238, 241, 242, 245, 246, 247, 250, 251, 254, 255, 256, 258, 261, 272, 274, 275, 276, 278, 279, 280, 281, 282, 284, 285, 286, 287, 288, 289, 290, 291, 292, 295, 304, 306, 307, 308, 310, 311, 312, 313, 314, 316, 318, 319, 320, 330, 334, 336, 337, 338, 340, 341, 342, 343, 344, 346, 349, 350, 351, 352, 353, 354, 355, 356, 357, 358, 359, 361, 363], "summary": {"covered_lines": 73, "num_statements": 73, "percent_covered": 100.0, "percent_covered_display": "100", "missing_lines": 0, "excluded_lines": 0}, "missing_lines": [], "excluded_lines": []}, "get_db_path": {"executed_lines": [367], "summary": {"covered_lines": 1, "num_statements": 1, "percent_covered": 100.0, "percent_covered_display": "100", "missing_lines": 0, "excluded_lines": 0}, "missing_lines": [], "excluded_lines": []}, "get_top_consumers": {"executed_lines": [], "summary": {"covered_lines": 0, "num_statements": 11, "percent_covered": 0.0, "percent_covered_display": "0", "missing_lines": 11, "excluded_lines": 0}, "missing_lines": [377, 378, 379, 380, 382, 383, 386, 387, 388, 395, 396], "excluded_lines": []}, "": {"executed_lines": [1, 12, 14, 15, 16, 17, 18, 19, 20, 21, 22, 24, 26, 29, 31, 32, 35, 36, 39, 58, 69, 94, 98, 143, 188, 189, 201, 221, 366, 370], "summary": {"covered_lines": 29, "num_statements": 29, "percent_covered": 100.0, "percent_covered_display": "100", "missing_lines": 0, "excluded_lines": 0}, "missing_lines": [], "excluded_lines": []}}, "classes": {"UsageSummary": {"executed_lines": [190, 191, 192, 193, 194, 195, 196, 197, 198, 199, 202], "summary": {"covered_lines": 11, "num_statements": 11, "percent_covered": 100.0, "percent_covered_display": "100", "missing_lines": 0, "excluded_lines": 0}, "missing_lines": [], "excluded_lines": []}, "": {"executed_lines": [1, 12, 14, 15, 16, 17, 18, 19, 20, 21, 22, 24, 26, 29, 31, 32, 35, 36, 39, 46, 47, 49, 50, 51, 52, 54, 55, 58, 69, 74, 75, 76, 82, 83, 85, 86, 87, 90, 91, 94, 95, 98, 100, 101, 102, 103, 104, 106, 109, 110, 111, 114, 115, 118, 135, 136, 138, 140, 143, 145, 146, 148, 150, 151, 152, 155, 156, 158, 181, 182, 183, 188, 189, 201, 221, 228, 229, 233, 237, 238, 241, 242, 245, 246, 247, 250, 251, 254, 255, 256, 258, 261, 272, 274, 275, 276, 278, 279, 280, 281, 282, 284, 285, 286, 287, 288, 289, 290, 291, 292, 295, 304, 306, 307, 308, 310, 311, 312, 313, 314, 316, 318, 319, 320, 330, 334, 336, 337, 338, 340, 341, 342, 343, 344, 346, 349, 350, 351, 352, 353, 354, 355, 356, 357, 358, 359, 361, 363, 366, 367, 370], "summary": {"covered_lines": 150, "num_statements": 171, "percent_covered": 87.71929824561404, "percent_covered_display": "88", "missing_lines": 21, "excluded_lines": 0}, "missing_lines": [61, 62, 63, 64, 65, 66, 88, 89, 112, 113, 377, 378, 379, 380, 382, 383, 386, 387, 388, 395, 396], "excluded_lines": []}}}, "src/vetch/tools/__init__.py": {"executed_lines": [1, 20, 22], "summary": {"covered_lines": 2, "num_statements": 2, "percent_covered": 100.0, "percent_covered_display": "100", "missing_lines": 0, "excluded_lines": 0}, "missing_lines": [], "excluded_lines": [], "functions": {"": {"executed_lines": [1, 20, 22], "summary": {"covered_lines": 2, "num_statements": 2, "percent_covered": 100.0, "percent_covered_display": "100", "missing_lines": 0, "excluded_lines": 0}, "missing_lines": [], "excluded_lines": []}}, "classes": {"": {"executed_lines": [1, 20, 22], "summary": {"covered_lines": 2, "num_statements": 2, "percent_covered": 100.0, "percent_covered_display": "100", "missing_lines": 0, "excluded_lines": 0}, "missing_lines": [], "excluded_lines": []}}}, "src/vetch/tools/calibration.py": {"executed_lines": [1, 172, 174, 175, 178, 179, 180, 203, 204, 205, 206, 207, 208, 209, 210, 211, 212, 213, 216, 217, 218, 236, 237, 238, 239, 240, 241, 244, 245, 246, 266, 267, 268, 269, 272, 337, 338, 339, 340, 341, 342, 343, 344, 347, 348, 353, 356, 357, 363, 364, 367, 370, 371, 373, 388, 443, 444, 447, 452, 455, 456, 459, 461, 471, 555, 556, 561, 562, 568, 569, 571, 572, 574, 575, 576, 584, 593, 596, 647, 649, 650, 651, 656, 670, 673, 691, 696, 697, 698, 705, 709], "summary": {"covered_lines": 87, "num_statements": 121, "percent_covered": 71.90082644628099, "percent_covered_display": "72", "missing_lines": 34, "excluded_lines": 0}, "missing_lines": [710, 711, 712, 713, 714, 715, 716, 719, 740, 741, 742, 743, 746, 747, 748, 749, 752, 753, 754, 756, 757, 765, 766, 767, 768, 769, 772, 773, 774, 776, 785, 786, 791, 792], "excluded_lines": [], "functions": {"calibrate_from_measurement": {"executed_lines": [337, 338, 339, 340, 341, 342, 343, 344, 347, 348, 353, 356, 357, 363, 364, 367, 370, 371, 373], "summary": {"covered_lines": 19, "num_statements": 19, "percent_covered": 100.0, "percent_covered_display": "100", "missing_lines": 0, "excluded_lines": 0}, "missing_lines": [], "excluded_lines": []}, "validate_calibration": {"executed_lines": [443, 444, 447, 452, 455, 456, 459, 461], "summary": {"covered_lines": 8, "num_statements": 8, "percent_covered": 100.0, "percent_covered_display": "100", "missing_lines": 0, "excluded_lines": 0}, "missing_lines": [], "excluded_lines": []}, "explore_scenarios": {"executed_lines": [555, 556, 561, 562, 568, 569, 571, 572, 574, 575, 576, 584, 593], "summary": {"covered_lines": 13, "num_statements": 13, "percent_covered": 100.0, "percent_covered_display": "100", "missing_lines": 0, "excluded_lines": 0}, "missing_lines": [], "excluded_lines": []}, "propagate_to_family": {"executed_lines": [647, 649, 650, 651, 656, 670], "summary": {"covered_lines": 6, "num_statements": 6, "percent_covered": 100.0, "percent_covered_display": "100", "missing_lines": 0, "excluded_lines": 0}, "missing_lines": [], "excluded_lines": []}, "format_calibration_table": {"executed_lines": [691, 696, 697, 698, 705], "summary": {"covered_lines": 5, "num_statements": 5, "percent_covered": 100.0, "percent_covered_display": "100", "missing_lines": 0, "excluded_lines": 0}, "missing_lines": [], "excluded_lines": []}, "": {"executed_lines": [1, 172, 174, 175, 178, 179, 180, 203, 204, 205, 206, 207, 208, 209, 210, 211, 212, 213, 216, 217, 218, 236, 237, 238, 239, 240, 241, 244, 245, 246, 266, 267, 268, 269, 272, 388, 471, 596, 673, 709], "summary": {"covered_lines": 36, "num_statements": 70, "percent_covered": 51.42857142857143, "percent_covered_display": "51", "missing_lines": 34, "excluded_lines": 0}, "missing_lines": [710, 711, 712, 713, 714, 715, 716, 719, 740, 741, 742, 743, 746, 747, 748, 749, 752, 753, 754, 756, 757, 765, 766, 767, 768, 769, 772, 773, 774, 776, 785, 786, 791, 792], "excluded_lines": []}}, "classes": {"CalibrationResult": {"executed_lines": [], "summary": {"covered_lines": 0, "num_statements": 0, "percent_covered": 100.0, "percent_covered_display": "100", "missing_lines": 0, "excluded_lines": 0}, "missing_lines": [], "excluded_lines": []}, "ValidationResult": {"executed_lines": [], "summary": {"covered_lines": 0, "num_statements": 0, "percent_covered": 100.0, "percent_covered_display": "100", "missing_lines": 0, "excluded_lines": 0}, "missing_lines": [], "excluded_lines": []}, "Scenario": {"executed_lines": [], "summary": {"covered_lines": 0, "num_statements": 0, "percent_covered": 100.0, "percent_covered_display": "100", "missing_lines": 0, "excluded_lines": 0}, "missing_lines": [], "excluded_lines": []}, "": {"executed_lines": [1, 172, 174, 175, 178, 179, 180, 203, 204, 205, 206, 207, 208, 209, 210, 211, 212, 213, 216, 217, 218, 236, 237, 238, 239, 240, 241, 244, 245, 246, 266, 267, 268, 269, 272, 337, 338, 339, 340, 341, 342, 343, 344, 347, 348, 353, 356, 357, 363, 364, 367, 370, 371, 373, 388, 443, 444, 447, 452, 455, 456, 459, 461, 471, 555, 556, 561, 562, 568, 569, 571, 572, 574, 575, 576, 584, 593, 596, 647, 649, 650, 651, 656, 670, 673, 691, 696, 697, 698, 705, 709], "summary": {"covered_lines": 87, "num_statements": 121, "percent_covered": 71.90082644628099, "percent_covered_display": "72", "missing_lines": 34, "excluded_lines": 0}, "missing_lines": [710, 711, 712, 713, 714, 715, 716, 719, 740, 741, 742, 743, 746, 747, 748, 749, 752, 753, 754, 756, 757, 765, 766, 767, 768, 769, 772, 773, 774, 776, 785, 786, 791, 792], "excluded_lines": []}}}, "src/vetch/wrapper.py": {"executed_lines": [1, 10, 12, 13, 14, 15, 16, 17, 18, 19, 20, 22, 23, 24, 25, 27, 30, 34, 46, 47, 50, 62, 63, 64, 65, 67, 68, 69, 72, 73, 74, 75, 78, 79, 82, 83, 86, 87, 89, 90, 91, 92, 93, 94, 95, 96, 98, 99, 103, 110, 111, 118, 137, 139, 141, 144, 147, 148, 149, 152, 154, 157, 158, 159, 162, 163, 164, 165, 167, 168, 170, 171, 172, 173, 174, 175, 176, 179, 180, 181, 182, 183, 189, 191, 192, 198, 200, 201, 203, 205, 215, 221, 222, 224, 237, 238, 240, 242, 243, 245, 252, 253, 255, 258, 259, 260, 262, 265, 266, 267, 268, 270, 279, 280, 292, 295, 307, 320, 325, 326, 329, 330, 331, 332, 334, 336, 337, 338, 340, 341, 346, 348, 349, 351, 355, 356, 357, 359, 367, 371, 377, 378, 380, 383, 384, 386, 394, 395, 397, 398, 399, 404, 407, 409, 419, 425, 426, 427, 428, 430, 442, 444, 457, 462, 465, 466, 467, 469, 474, 475, 476, 479, 480, 481, 482, 483, 484, 487, 488, 490, 491, 492, 493, 494, 495, 496, 497, 498, 499, 500, 503, 508, 509, 510, 511, 512, 513, 514, 517, 518, 519, 520, 521, 522, 523, 524, 525, 526, 527, 528, 529, 530, 531, 532, 533, 534, 535, 538, 561, 562, 563, 564, 565, 570, 577, 592, 593, 594, 600, 601, 605, 607, 612, 615, 631, 639, 640, 644, 645, 646, 651, 652, 653, 659, 667, 677, 680, 681, 684, 687, 690, 696, 699, 705, 710, 711, 712, 713, 714, 715, 716, 718, 719, 720, 721, 724, 792, 793, 795, 801, 803, 816, 817, 820, 821, 823, 828, 829, 831, 836, 837, 839, 844, 845, 847, 852, 853, 855, 861, 862, 867, 873, 878, 879, 916, 917, 946, 954, 955, 958, 981], "summary": {"covered_lines": 298, "num_statements": 391, "percent_covered": 76.21483375959079, "percent_covered_display": "76", "missing_lines": 93, "excluded_lines": 2}, "missing_lines": [88, 104, 105, 107, 207, 208, 210, 211, 212, 213, 272, 273, 277, 296, 298, 299, 300, 301, 304, 308, 309, 314, 317, 400, 401, 412, 413, 431, 432, 434, 435, 436, 438, 439, 440, 470, 471, 504, 505, 541, 544, 546, 553, 554, 555, 556, 571, 572, 573, 574, 632, 633, 634, 635, 636, 637, 641, 662, 668, 669, 670, 671, 672, 700, 802, 805, 806, 807, 808, 809, 810, 811, 812, 813, 824, 825, 832, 833, 840, 841, 848, 849, 856, 857, 858, 868, 869, 870, 874, 875, 905, 912, 913], "excluded_lines": [27, 28], "functions": {"_infer_region": {"executed_lines": [62, 63, 64, 65, 67, 68, 69, 72, 73, 74, 75, 78, 79, 82, 83, 86, 87, 89, 90, 91, 92, 93, 94, 95, 96, 98, 99, 103], "summary": {"covered_lines": 28, "num_statements": 32, "percent_covered": 87.5, "percent_covered_display": "88", "missing_lines": 4, "excluded_lines": 0}, "missing_lines": [88, 104, 105, 107], "excluded_lines": []}, "VetchContext.__init__": {"executed_lines": [137, 139, 141, 144, 147, 148, 149, 152, 154, 157, 158, 159, 162, 163, 164, 165, 167, 168, 170, 171, 172, 173, 174, 175, 176, 179, 180, 181, 182, 183, 189], "summary": {"covered_lines": 31, "num_statements": 31, "percent_covered": 100.0, "percent_covered_display": "100", "missing_lines": 0, "excluded_lines": 0}, "missing_lines": [], "excluded_lines": []}, "VetchContext.event": {"executed_lines": [198], "summary": {"covered_lines": 1, "num_statements": 1, "percent_covered": 100.0, "percent_covered_display": "100", "missing_lines": 0, "excluded_lines": 0}, "missing_lines": [], "excluded_lines": []}, "VetchContext.tracking_disabled": {"executed_lines": [203], "summary": {"covered_lines": 1, "num_statements": 1, "percent_covered": 100.0, "percent_covered_display": "100", "missing_lines": 0, "excluded_lines": 0}, "missing_lines": [], "excluded_lines": []}, "VetchContext._get_session_id": {"executed_lines": [], "summary": {"covered_lines": 0, "num_statements": 6, "percent_covered": 0.0, "percent_covered_display": "0", "missing_lines": 6, "excluded_lines": 0}, "missing_lines": [207, 208, 210, 211, 212, 213], "excluded_lines": []}, "VetchContext.__enter__": {"executed_lines": [221, 222], "summary": {"covered_lines": 2, "num_statements": 2, "percent_covered": 100.0, "percent_covered_display": "100", "missing_lines": 0, "excluded_lines": 0}, "missing_lines": [], "excluded_lines": []}, "VetchContext.__exit__": {"executed_lines": [237, 238], "summary": {"covered_lines": 2, "num_statements": 2, "percent_covered": 100.0, "percent_covered_display": "100", "missing_lines": 0, "excluded_lines": 0}, "missing_lines": [], "excluded_lines": []}, "VetchContext.__aenter__": {"executed_lines": [242, 243], "summary": {"covered_lines": 2, "num_statements": 2, "percent_covered": 100.0, "percent_covered_display": "100", "missing_lines": 0, "excluded_lines": 0}, "missing_lines": [], "excluded_lines": []}, "VetchContext.__aexit__": {"executed_lines": [252, 253], "summary": {"covered_lines": 2, "num_statements": 2, "percent_covered": 100.0, "percent_covered_display": "100", "missing_lines": 0, "excluded_lines": 0}, "missing_lines": [], "excluded_lines": []}, "VetchContext._setup": {"executed_lines": [258, 259, 260, 262, 265, 266, 267, 268, 270, 279, 280, 292, 295, 307, 320, 325, 326, 329, 330, 331, 332], "summary": {"covered_lines": 21, "num_statements": 34, "percent_covered": 61.76470588235294, "percent_covered_display": "62", "missing_lines": 13, "excluded_lines": 0}, "missing_lines": [272, 273, 277, 296, 298, 299, 300, 301, 304, 308, 309, 314, 317], "excluded_lines": []}, "VetchContext._teardown": {"executed_lines": [336, 337, 338, 340, 341, 346, 348, 349, 351, 355, 356, 357, 359, 367, 371, 377, 378, 380, 383, 384], "summary": {"covered_lines": 20, "num_statements": 20, "percent_covered": 100.0, "percent_covered_display": "100", "missing_lines": 0, "excluded_lines": 0}, "missing_lines": [], "excluded_lines": []}, "VetchContext._setup_patches": {"executed_lines": [394, 395, 397, 398, 399, 404, 407, 409], "summary": {"covered_lines": 8, "num_statements": 12, "percent_covered": 66.66666666666667, "percent_covered_display": "67", "missing_lines": 4, "excluded_lines": 0}, "missing_lines": [400, 401, 412, 413], "excluded_lines": []}, "VetchContext._cleanup_patches": {"executed_lines": [425, 426, 427, 428, 430, 442], "summary": {"covered_lines": 6, "num_statements": 14, "percent_covered": 42.857142857142854, "percent_covered_display": "43", "missing_lines": 8, "excluded_lines": 0}, "missing_lines": [431, 432, 434, 435, 436, 438, 439, 440], "excluded_lines": []}, "VetchContext._emit_event": {"executed_lines": [457, 462, 465, 466, 467, 469, 474, 475, 476, 479, 480, 481, 482, 483, 484, 487, 488, 490, 491, 492, 493, 494, 495, 496, 497, 498, 499, 500, 503, 508, 509, 510, 511, 512, 513, 514, 517, 518, 519, 520, 521, 522, 523, 524, 525, 526, 527, 528, 529, 530, 531, 532, 533, 534, 535, 538, 561, 562, 563, 564, 565, 570, 577, 592, 593, 594, 600, 601, 605, 607, 612, 615, 631, 639, 640, 644, 645, 646, 651, 652, 653, 659, 667, 677, 680, 681, 684, 687, 690, 696, 699, 705, 710, 711, 712, 713, 714, 715, 716, 718, 719, 720, 721, 724, 792, 793, 795, 801, 803, 816, 817, 820, 821, 823, 828, 829, 831, 836, 837, 839, 844, 845, 847, 852, 853, 855, 861, 862, 867, 873], "summary": {"covered_lines": 130, "num_statements": 185, "percent_covered": 70.27027027027027, "percent_covered_display": "70", "missing_lines": 55, "excluded_lines": 0}, "missing_lines": [470, 471, 504, 505, 541, 544, 546, 553, 554, 555, 556, 571, 572, 573, 574, 632, 633, 634, 635, 636, 637, 641, 662, 668, 669, 670, 671, 672, 700, 802, 805, 806, 807, 808, 809, 810, 811, 812, 813, 824, 825, 832, 833, 840, 841, 848, 849, 856, 857, 858, 868, 869, 870, 874, 875], "excluded_lines": []}, "wrap": {"executed_lines": [], "summary": {"covered_lines": 0, "num_statements": 3, "percent_covered": 0.0, "percent_covered_display": "0", "missing_lines": 3, "excluded_lines": 0}, "missing_lines": [905, 912, 913], "excluded_lines": []}, "awrap": {"executed_lines": [946, 954, 955], "summary": {"covered_lines": 3, "num_statements": 3, "percent_covered": 100.0, "percent_covered_display": "100", "missing_lines": 0, "excluded_lines": 0}, "missing_lines": [], "excluded_lines": []}, "get_tracking_stats": {"executed_lines": [981], "summary": {"covered_lines": 1, "num_statements": 1, "percent_covered": 100.0, "percent_covered_display": "100", "missing_lines": 0, "excluded_lines": 0}, "missing_lines": [], "excluded_lines": []}, "": {"executed_lines": [1, 10, 12, 13, 14, 15, 16, 17, 18, 19, 20, 22, 23, 24, 25, 27, 30, 34, 46, 47, 50, 110, 111, 118, 191, 192, 200, 201, 205, 215, 224, 240, 245, 255, 334, 386, 419, 444, 878, 879, 916, 917, 958], "summary": {"covered_lines": 40, "num_statements": 40, "percent_covered": 100.0, "percent_covered_display": "100", "missing_lines": 0, "excluded_lines": 2}, "missing_lines": [], "excluded_lines": [27, 28]}}, "classes": {"VetchContext": {"executed_lines": [137, 139, 141, 144, 147, 148, 149, 152, 154, 157, 158, 159, 162, 163, 164, 165, 167, 168, 170, 171, 172, 173, 174, 175, 176, 179, 180, 181, 182, 183, 189, 198, 203, 221, 222, 237, 238, 242, 243, 252, 253, 258, 259, 260, 262, 265, 266, 267, 268, 270, 279, 280, 292, 295, 307, 320, 325, 326, 329, 330, 331, 332, 336, 337, 338, 340, 341, 346, 348, 349, 351, 355, 356, 357, 359, 367, 371, 377, 378, 380, 383, 384, 394, 395, 397, 398, 399, 404, 407, 409, 425, 426, 427, 428, 430, 442, 457, 462, 465, 466, 467, 469, 474, 475, 476, 479, 480, 481, 482, 483, 484, 487, 488, 490, 491, 492, 493, 494, 495, 496, 497, 498, 499, 500, 503, 508, 509, 510, 511, 512, 513, 514, 517, 518, 519, 520, 521, 522, 523, 524, 525, 526, 527, 528, 529, 530, 531, 532, 533, 534, 535, 538, 561, 562, 563, 564, 565, 570, 577, 592, 593, 594, 600, 601, 605, 607, 612, 615, 631, 639, 640, 644, 645, 646, 651, 652, 653, 659, 667, 677, 680, 681, 684, 687, 690, 696, 699, 705, 710, 711, 712, 713, 714, 715, 716, 718, 719, 720, 721, 724, 792, 793, 795, 801, 803, 816, 817, 820, 821, 823, 828, 829, 831, 836, 837, 839, 844, 845, 847, 852, 853, 855, 861, 862, 867, 873], "summary": {"covered_lines": 226, "num_statements": 312, "percent_covered": 72.43589743589743, "percent_covered_display": "72", "missing_lines": 86, "excluded_lines": 0}, "missing_lines": [207, 208, 210, 211, 212, 213, 272, 273, 277, 296, 298, 299, 300, 301, 304, 308, 309, 314, 317, 400, 401, 412, 413, 431, 432, 434, 435, 436, 438, 439, 440, 470, 471, 504, 505, 541, 544, 546, 553, 554, 555, 556, 571, 572, 573, 574, 632, 633, 634, 635, 636, 637, 641, 662, 668, 669, 670, 671, 672, 700, 802, 805, 806, 807, 808, 809, 810, 811, 812, 813, 824, 825, 832, 833, 840, 841, 848, 849, 856, 857, 858, 868, 869, 870, 874, 875], "excluded_lines": []}, "": {"executed_lines": [1, 10, 12, 13, 14, 15, 16, 17, 18, 19, 20, 22, 23, 24, 25, 27, 30, 34, 46, 47, 50, 62, 63, 64, 65, 67, 68, 69, 72, 73, 74, 75, 78, 79, 82, 83, 86, 87, 89, 90, 91, 92, 93, 94, 95, 96, 98, 99, 103, 110, 111, 118, 191, 192, 200, 201, 205, 215, 224, 240, 245, 255, 334, 386, 419, 444, 878, 879, 916, 917, 946, 954, 955, 958, 981], "summary": {"covered_lines": 72, "num_statements": 79, "percent_covered": 91.13924050632912, "percent_covered_display": "91", "missing_lines": 7, "excluded_lines": 2}, "missing_lines": [88, 104, 105, 107, 905, 912, 913], "excluded_lines": [27, 28]}}}}, "totals": {"covered_lines": 4062, "num_statements": 5905, "percent_covered": 68.78916172734971, "percent_covered_display": "69", "missing_lines": 1843, "excluded_lines": 34}}